{"/home/travis/build/npmtest/node-npmtest-raptor-templates/test.js":{"path":"/home/travis/build/npmtest/node-npmtest-raptor-templates/test.js","s":{"1":2,"2":2,"3":2,"4":2,"5":2,"6":2,"7":2,"8":1,"9":2,"10":2,"11":1,"12":1,"13":1,"14":1,"15":2,"16":2,"17":2,"18":2,"19":1,"20":1,"21":2,"22":2,"23":2,"24":1,"25":1,"26":1,"27":1,"28":1,"29":1,"30":1,"31":1,"32":1,"33":1,"34":1,"35":1,"36":1,"37":1,"38":1,"39":2,"40":2,"41":1,"42":2,"43":2,"44":1,"45":2,"46":2,"47":1,"48":2,"49":2,"50":1,"51":1,"52":1,"53":1,"54":1},"b":{"1":[2,1,1,1],"2":[1,1,1,1],"3":[1,1],"4":[1,1],"5":[1,1],"6":[1,1],"7":[1,1],"8":[1,1],"9":[1,1],"10":[1,1,1],"11":[1,1],"12":[1,1],"13":[1,1],"14":[1,1],"15":[1,1],"16":[1,1],"17":[1,1]},"f":{"1":2,"2":2,"3":2,"4":2,"5":2,"6":1,"7":1,"8":1,"9":2,"10":2,"11":2,"12":2,"13":1},"fnMap":{"1":{"name":"(anonymous_1)","line":12,"loc":{"start":{"line":12,"column":1},"end":{"line":12,"column":13}}},"2":{"name":"(anonymous_2)","line":19,"loc":{"start":{"line":19,"column":5},"end":{"line":19,"column":17}}},"3":{"name":"(anonymous_3)","line":23,"loc":{"start":{"line":23,"column":24},"end":{"line":23,"column":36}}},"4":{"name":"(anonymous_4)","line":61,"loc":{"start":{"line":61,"column":5},"end":{"line":61,"column":17}}},"5":{"name":"(anonymous_5)","line":82,"loc":{"start":{"line":82,"column":5},"end":{"line":82,"column":17}}},"6":{"name":"(anonymous_6)","line":91,"loc":{"start":{"line":91,"column":77},"end":{"line":94,"column":10}}},"7":{"name":"(anonymous_7)","line":112,"loc":{"start":{"line":112,"column":83},"end":{"line":115,"column":10}},"skip":true},"8":{"name":"(anonymous_8)","line":123,"loc":{"start":{"line":123,"column":77},"end":{"line":126,"column":10}},"skip":true},"9":{"name":"(anonymous_9)","line":139,"loc":{"start":{"line":139,"column":12},"end":{"line":139,"column":40}},"skip":true},"10":{"name":"(anonymous_10)","line":147,"loc":{"start":{"line":147,"column":77},"end":{"line":150,"column":10}},"skip":true},"11":{"name":"(anonymous_11)","line":158,"loc":{"start":{"line":158,"column":83},"end":{"line":161,"column":10}},"skip":true},"12":{"name":"(anonymous_12)","line":169,"loc":{"start":{"line":169,"column":79},"end":{"line":172,"column":10}},"skip":true},"13":{"name":"(anonymous_13)","line":180,"loc":{"start":{"line":180,"column":75},"end":{"line":183,"column":10}},"skip":true}},"statementMap":{"1":{"start":{"line":12,"column":0},"end":{"line":195,"column":5}},"2":{"start":{"line":14,"column":4},"end":{"line":14,"column":14}},"3":{"start":{"line":19,"column":4},"end":{"line":56,"column":9}},"4":{"start":{"line":21,"column":8},"end":{"line":21,"column":19}},"5":{"start":{"line":23,"column":8},"end":{"line":35,"column":13}},"6":{"start":{"line":24,"column":12},"end":{"line":34,"column":13}},"7":{"start":{"line":25,"column":16},"end":{"line":28,"column":30}},"8":{"start":{"line":30,"column":16},"end":{"line":33,"column":27}},"9":{"start":{"line":37,"column":8},"end":{"line":39,"column":21}},"10":{"start":{"line":40,"column":8},"end":{"line":53,"column":9}},"11":{"start":{"line":43,"column":12},"end":{"line":46,"column":14}},"12":{"start":{"line":47,"column":12},"end":{"line":47,"column":18}},"13":{"start":{"line":50,"column":12},"end":{"line":51,"column":46}},"14":{"start":{"line":52,"column":12},"end":{"line":52,"column":18}},"15":{"start":{"line":55,"column":8},"end":{"line":55,"column":35}},"16":{"start":{"line":61,"column":4},"end":{"line":63,"column":9}},"17":{"start":{"line":62,"column":8},"end":{"line":62,"column":15}},"18":{"start":{"line":64,"column":4},"end":{"line":77,"column":5}},"19":{"start":{"line":70,"column":8},"end":{"line":70,"column":14}},"20":{"start":{"line":76,"column":8},"end":{"line":76,"column":14}},"21":{"start":{"line":82,"column":4},"end":{"line":84,"column":9}},"22":{"start":{"line":83,"column":8},"end":{"line":83,"column":15}},"23":{"start":{"line":85,"column":4},"end":{"line":194,"column":5}},"24":{"start":{"line":91,"column":8},"end":{"line":99,"column":10}},"25":{"start":{"line":98,"column":12},"end":{"line":98,"column":35}},"26":{"start":{"line":102,"column":8},"end":{"line":104,"column":63}},"27":{"start":{"line":105,"column":8},"end":{"line":105,"column":14}},"28":{"start":{"line":112,"column":8},"end":{"line":121,"column":10},"skip":true},"29":{"start":{"line":119,"column":12},"end":{"line":119,"column":55},"skip":true},"30":{"start":{"line":120,"column":12},"end":{"line":120,"column":48},"skip":true},"31":{"start":{"line":123,"column":8},"end":{"line":136,"column":10},"skip":true},"32":{"start":{"line":130,"column":12},"end":{"line":130,"column":76},"skip":true},"33":{"start":{"line":131,"column":12},"end":{"line":131,"column":73},"skip":true},"34":{"start":{"line":132,"column":12},"end":{"line":132,"column":74},"skip":true},"35":{"start":{"line":133,"column":12},"end":{"line":133,"column":79},"skip":true},"36":{"start":{"line":134,"column":12},"end":{"line":134,"column":25},"skip":true},"37":{"start":{"line":135,"column":12},"end":{"line":135,"column":45},"skip":true},"38":{"start":{"line":138,"column":8},"end":{"line":145,"column":14},"skip":true},"39":{"start":{"line":143,"column":16},"end":{"line":143,"column":29},"skip":true},"40":{"start":{"line":144,"column":16},"end":{"line":144,"column":55},"skip":true},"41":{"start":{"line":147,"column":8},"end":{"line":156,"column":10},"skip":true},"42":{"start":{"line":154,"column":12},"end":{"line":154,"column":25},"skip":true},"43":{"start":{"line":155,"column":12},"end":{"line":155,"column":45},"skip":true},"44":{"start":{"line":158,"column":8},"end":{"line":167,"column":10},"skip":true},"45":{"start":{"line":165,"column":12},"end":{"line":165,"column":25},"skip":true},"46":{"start":{"line":166,"column":12},"end":{"line":166,"column":48},"skip":true},"47":{"start":{"line":169,"column":8},"end":{"line":178,"column":10},"skip":true},"48":{"start":{"line":176,"column":12},"end":{"line":176,"column":25},"skip":true},"49":{"start":{"line":177,"column":12},"end":{"line":177,"column":46},"skip":true},"50":{"start":{"line":180,"column":8},"end":{"line":189,"column":10},"skip":true},"51":{"start":{"line":187,"column":12},"end":{"line":187,"column":94},"skip":true},"52":{"start":{"line":188,"column":12},"end":{"line":188,"column":48},"skip":true},"53":{"start":{"line":192,"column":8},"end":{"line":192,"column":35},"skip":true},"54":{"start":{"line":193,"column":8},"end":{"line":193,"column":14},"skip":true}},"branchMap":{"1":{"line":25,"type":"binary-expr","locations":[{"start":{"line":25,"column":23},"end":{"line":25,"column":62}},{"start":{"line":26,"column":20},"end":{"line":26,"column":70}},{"start":{"line":27,"column":20},"end":{"line":27,"column":71}},{"start":{"line":28,"column":20},"end":{"line":28,"column":29}}]},"2":{"line":30,"type":"binary-expr","locations":[{"start":{"line":30,"column":23},"end":{"line":30,"column":37}},{"start":{"line":31,"column":20},"end":{"line":31,"column":61}},{"start":{"line":32,"column":20},"end":{"line":32,"column":70}},{"start":{"line":33,"column":20},"end":{"line":33,"column":26}}]},"3":{"line":37,"type":"cond-expr","locations":[{"start":{"line":38,"column":14},"end":{"line":38,"column":20}},{"start":{"line":39,"column":14},"end":{"line":39,"column":20}}]},"4":{"line":40,"type":"switch","locations":[{"start":{"line":42,"column":8},"end":{"line":47,"column":18}},{"start":{"line":49,"column":8},"end":{"line":52,"column":18}}]},"5":{"line":44,"type":"binary-expr","locations":[{"start":{"line":44,"column":16},"end":{"line":44,"column":44}},{"start":{"line":44,"column":48},"end":{"line":44,"column":66}}]},"6":{"line":50,"type":"binary-expr","locations":[{"start":{"line":50,"column":21},"end":{"line":50,"column":49}},{"start":{"line":50,"column":53},"end":{"line":50,"column":72}}]},"7":{"line":64,"type":"switch","locations":[{"start":{"line":69,"column":4},"end":{"line":70,"column":14}},{"start":{"line":75,"column":4},"end":{"line":76,"column":14}}]},"8":{"line":85,"type":"switch","locations":[{"start":{"line":90,"column":4},"end":{"line":105,"column":14}},{"start":{"line":111,"column":4},"end":{"line":193,"column":14},"skip":true}]},"9":{"line":91,"type":"binary-expr","locations":[{"start":{"line":91,"column":42},"end":{"line":91,"column":73}},{"start":{"line":91,"column":77},"end":{"line":99,"column":9}}]},"10":{"line":102,"type":"binary-expr","locations":[{"start":{"line":102,"column":18},"end":{"line":102,"column":32}},{"start":{"line":103,"column":12},"end":{"line":103,"column":53}},{"start":{"line":104,"column":12},"end":{"line":104,"column":61}}]},"11":{"line":112,"type":"binary-expr","locations":[{"start":{"line":112,"column":45},"end":{"line":112,"column":79},"skip":true},{"start":{"line":112,"column":83},"end":{"line":121,"column":9},"skip":true}]},"12":{"line":123,"type":"binary-expr","locations":[{"start":{"line":123,"column":42},"end":{"line":123,"column":73},"skip":true},{"start":{"line":123,"column":77},"end":{"line":136,"column":9},"skip":true}]},"13":{"line":138,"type":"binary-expr","locations":[{"start":{"line":138,"column":48},"end":{"line":138,"column":85},"skip":true},{"start":{"line":139,"column":12},"end":{"line":145,"column":13},"skip":true}]},"14":{"line":147,"type":"binary-expr","locations":[{"start":{"line":147,"column":42},"end":{"line":147,"column":73},"skip":true},{"start":{"line":147,"column":77},"end":{"line":156,"column":9},"skip":true}]},"15":{"line":158,"type":"binary-expr","locations":[{"start":{"line":158,"column":45},"end":{"line":158,"column":79},"skip":true},{"start":{"line":158,"column":83},"end":{"line":167,"column":9},"skip":true}]},"16":{"line":169,"type":"binary-expr","locations":[{"start":{"line":169,"column":43},"end":{"line":169,"column":75},"skip":true},{"start":{"line":169,"column":79},"end":{"line":178,"column":9},"skip":true}]},"17":{"line":180,"type":"binary-expr","locations":[{"start":{"line":180,"column":41},"end":{"line":180,"column":71},"skip":true},{"start":{"line":180,"column":75},"end":{"line":189,"column":9},"skip":true}]}},"code":["/* istanbul instrument in package npmtest_raptor_templates */","/*jslint","    bitwise: true,","    browser: true,","    maxerr: 8,","    maxlen: 96,","    node: true,","    nomen: true,","    regexp: true,","    stupid: true","*/","(function () {","    'use strict';","    var local;","","","","    // run shared js-env code - pre-init","    (function () {","        // init local","        local = {};","        // init modeJs","        local.modeJs = (function () {","            try {","                return typeof navigator.userAgent === 'string' &&","                    typeof document.querySelector('body') === 'object' &&","                    typeof XMLHttpRequest.prototype.open === 'function' &&","                    'browser';","            } catch (errorCaughtBrowser) {","                return module.exports &&","                    typeof process.versions.node === 'string' &&","                    typeof require('http').createServer === 'function' &&","                    'node';","            }","        }());","        // init global","        local.global = local.modeJs === 'browser'","            ? window","            : global;","        switch (local.modeJs) {","        // re-init local from window.local","        case 'browser':","            local = local.global.utility2.objectSetDefault(","                local.global.utility2_rollup || local.global.local,","                local.global.utility2","            );","            break;","        // re-init local from example.js","        case 'node':","            local = (local.global.utility2_rollup || require('utility2'))","                .requireExampleJsFromReadme();","            break;","        }","        // export local","        local.global.local = local;","    }());","","","","    // run shared js-env code - function","    (function () {","        return;","    }());","    switch (local.modeJs) {","","","","    // run browser js-env code - function","    case 'browser':","        break;","","","","    // run node js-env code - function","    case 'node':","        break;","    }","","","","    // run shared js-env code - post-init","    (function () {","        return;","    }());","    switch (local.modeJs) {","","","","    // run browser js-env code - post-init","    case 'browser':","        local.testCase_browser_nullCase = local.testCase_browser_nullCase || function (","            options,","            onError","        ) {","        /*","         * this function will test browsers's null-case handling-behavior-behavior","         */","            onError(null, options);","        };","","        // run tests","        local.nop(local.modeTest &&","            document.querySelector('#testRunButton1') &&","            document.querySelector('#testRunButton1').click());","        break;","","","","    // run node js-env code - post-init","    /* istanbul ignore next */","    case 'node':","        local.testCase_buildApidoc_default = local.testCase_buildApidoc_default || function (","            options,","            onError","        ) {","        /*","         * this function will test buildApidoc's default handling-behavior-behavior","         */","            options = { modulePathList: module.paths };","            local.buildApidoc(options, onError);","        };","","        local.testCase_buildApp_default = local.testCase_buildApp_default || function (","            options,","            onError","        ) {","        /*","         * this function will test buildApp's default handling-behavior-behavior","         */","            local.testCase_buildReadme_default(options, local.onErrorThrow);","            local.testCase_buildLib_default(options, local.onErrorThrow);","            local.testCase_buildTest_default(options, local.onErrorThrow);","            local.testCase_buildCustomOrg_default(options, local.onErrorThrow);","            options = [];","            local.buildApp(options, onError);","        };","","        local.testCase_buildCustomOrg_default = local.testCase_buildCustomOrg_default ||","            function (options, onError) {","            /*","             * this function will test buildCustomOrg's default handling-behavior","             */","                options = {};","                local.buildCustomOrg(options, onError);","            };","","        local.testCase_buildLib_default = local.testCase_buildLib_default || function (","            options,","            onError","        ) {","        /*","         * this function will test buildLib's default handling-behavior","         */","            options = {};","            local.buildLib(options, onError);","        };","","        local.testCase_buildReadme_default = local.testCase_buildReadme_default || function (","            options,","            onError","        ) {","        /*","         * this function will test buildReadme's default handling-behavior-behavior","         */","            options = {};","            local.buildReadme(options, onError);","        };","","        local.testCase_buildTest_default = local.testCase_buildTest_default || function (","            options,","            onError","        ) {","        /*","         * this function will test buildTest's default handling-behavior","         */","            options = {};","            local.buildTest(options, onError);","        };","","        local.testCase_webpage_default = local.testCase_webpage_default || function (","            options,","            onError","        ) {","        /*","         * this function will test webpage's default handling-behavior","         */","            options = { modeCoverageMerge: true, url: local.serverLocalHost + '?modeTest=1' };","            local.browserTest(options, onError);","        };","","        // run test-server","        local.testRunServer(local);","        break;","    }","}());",""],"l":{"12":2,"14":2,"19":2,"21":2,"23":2,"24":2,"25":2,"30":1,"37":2,"40":2,"43":1,"47":1,"50":1,"52":1,"55":2,"61":2,"62":2,"64":2,"70":1,"76":1,"82":2,"83":2,"85":2,"91":1,"98":1,"102":1,"105":1,"112":1,"119":1,"120":1,"123":1,"130":1,"131":1,"132":1,"133":1,"134":1,"135":1,"138":1,"143":2,"144":2,"147":1,"154":2,"155":2,"158":1,"165":2,"166":2,"169":1,"176":2,"177":2,"180":1,"187":1,"188":1,"192":1,"193":1}},"/home/travis/build/npmtest/node-npmtest-raptor-templates/lib.npmtest_raptor_templates.js":{"path":"/home/travis/build/npmtest/node-npmtest-raptor-templates/lib.npmtest_raptor_templates.js","s":{"1":2,"2":2,"3":2,"4":2,"5":2,"6":2,"7":2,"8":1,"9":2,"10":2,"11":2,"12":2,"13":1,"14":1,"15":1,"16":1},"b":{"1":[2,1,1,1],"2":[1,1,1,1],"3":[1,1],"4":[2,2],"5":[1,1]},"f":{"1":2,"2":2,"3":2},"fnMap":{"1":{"name":"(anonymous_1)","line":12,"loc":{"start":{"line":12,"column":1},"end":{"line":12,"column":13}}},"2":{"name":"(anonymous_2)","line":19,"loc":{"start":{"line":19,"column":5},"end":{"line":19,"column":17}}},"3":{"name":"(anonymous_3)","line":23,"loc":{"start":{"line":23,"column":24},"end":{"line":23,"column":36}}}},"statementMap":{"1":{"start":{"line":12,"column":0},"end":{"line":53,"column":5}},"2":{"start":{"line":14,"column":4},"end":{"line":14,"column":14}},"3":{"start":{"line":19,"column":4},"end":{"line":52,"column":9}},"4":{"start":{"line":21,"column":8},"end":{"line":21,"column":19}},"5":{"start":{"line":23,"column":8},"end":{"line":35,"column":13}},"6":{"start":{"line":24,"column":12},"end":{"line":34,"column":13}},"7":{"start":{"line":25,"column":16},"end":{"line":28,"column":30}},"8":{"start":{"line":30,"column":16},"end":{"line":33,"column":27}},"9":{"start":{"line":37,"column":8},"end":{"line":39,"column":21}},"10":{"start":{"line":41,"column":8},"end":{"line":41,"column":54}},"11":{"start":{"line":43,"column":8},"end":{"line":43,"column":61}},"12":{"start":{"line":45,"column":8},"end":{"line":51,"column":9}},"13":{"start":{"line":46,"column":12},"end":{"line":46,"column":67}},"14":{"start":{"line":48,"column":12},"end":{"line":48,"column":35}},"15":{"start":{"line":49,"column":12},"end":{"line":49,"column":49}},"16":{"start":{"line":50,"column":12},"end":{"line":50,"column":43}}},"branchMap":{"1":{"line":25,"type":"binary-expr","locations":[{"start":{"line":25,"column":23},"end":{"line":25,"column":62}},{"start":{"line":26,"column":20},"end":{"line":26,"column":70}},{"start":{"line":27,"column":20},"end":{"line":27,"column":71}},{"start":{"line":28,"column":20},"end":{"line":28,"column":29}}]},"2":{"line":30,"type":"binary-expr","locations":[{"start":{"line":30,"column":23},"end":{"line":30,"column":37}},{"start":{"line":31,"column":20},"end":{"line":31,"column":61}},{"start":{"line":32,"column":20},"end":{"line":32,"column":70}},{"start":{"line":33,"column":20},"end":{"line":33,"column":26}}]},"3":{"line":37,"type":"cond-expr","locations":[{"start":{"line":38,"column":14},"end":{"line":38,"column":20}},{"start":{"line":39,"column":14},"end":{"line":39,"column":20}}]},"4":{"line":41,"type":"binary-expr","locations":[{"start":{"line":41,"column":16},"end":{"line":41,"column":44}},{"start":{"line":41,"column":48},"end":{"line":41,"column":53}}]},"5":{"line":45,"type":"if","locations":[{"start":{"line":45,"column":8},"end":{"line":45,"column":8}},{"start":{"line":45,"column":8},"end":{"line":45,"column":8}}]}},"code":["/* istanbul instrument in package npmtest_raptor_templates */","/*jslint","    bitwise: true,","    browser: true,","    maxerr: 8,","    maxlen: 96,","    node: true,","    nomen: true,","    regexp: true,","    stupid: true","*/","(function () {","    'use strict';","    var local;","","","","    // run shared js-env code - pre-init","    (function () {","        // init local","        local = {};","        // init modeJs","        local.modeJs = (function () {","            try {","                return typeof navigator.userAgent === 'string' &&","                    typeof document.querySelector('body') === 'object' &&","                    typeof XMLHttpRequest.prototype.open === 'function' &&","                    'browser';","            } catch (errorCaughtBrowser) {","                return module.exports &&","                    typeof process.versions.node === 'string' &&","                    typeof require('http').createServer === 'function' &&","                    'node';","            }","        }());","        // init global","        local.global = local.modeJs === 'browser'","            ? window","            : global;","        // init utility2_rollup","        local = local.global.utility2_rollup || local;","        // init lib","        local.local = local.npmtest_raptor_templates = local;","        // init exports","        if (local.modeJs === 'browser') {","            local.global.utility2_npmtest_raptor_templates = local;","        } else {","            module.exports = local;","            module.exports.__dirname = __dirname;","            module.exports.module = module;","        }","    }());","}());",""],"l":{"12":2,"14":2,"19":2,"21":2,"23":2,"24":2,"25":2,"30":1,"37":2,"41":2,"43":2,"45":2,"46":1,"48":1,"49":1,"50":1}},"/home/travis/build/npmtest/node-npmtest-raptor-templates/example.js":{"path":"/home/travis/build/npmtest/node-npmtest-raptor-templates/example.js","s":{"1":2,"2":2,"3":2,"4":2,"5":2,"6":2,"7":2,"8":1,"9":2,"10":2,"11":2,"12":2,"13":1,"14":2,"15":2,"16":2,"17":2,"18":2,"19":0,"20":2,"21":1,"22":1,"23":1,"24":1,"25":1,"26":0,"27":0,"28":1,"29":1,"30":2,"31":0,"32":0,"33":0,"34":1,"35":2,"36":2,"37":3,"38":3,"39":3,"40":3,"41":0,"42":3,"43":3,"44":3,"45":1,"46":3,"47":1,"48":1,"49":1,"50":1,"51":1,"52":1,"53":1,"54":1,"55":1,"56":1,"57":0,"58":1,"59":6,"60":6,"61":1,"62":2,"63":0,"64":2,"65":1,"66":1,"67":0,"68":0,"69":0,"70":0,"71":0,"72":0,"73":0,"74":0,"75":0,"76":0,"77":0,"78":0,"79":0,"80":0,"81":0,"82":0,"83":0},"b":{"1":[2,1,1,1],"2":[1,1,1,1],"3":[1,1],"4":[2,2],"5":[1,1],"6":[1,1],"7":[2,0],"8":[2,1,1,1,1,1],"9":[0,2,0],"10":[1,1],"11":[2,1,1],"12":[1,0],"13":[0,2],"14":[2,0,0,0,0,0,0],"15":[0,3],"16":[3,0],"17":[1,1],"18":[0,1],"19":[1,2,0,2],"20":[1,0],"21":[1,1],"22":[0,0],"23":[0,0],"24":[0,0],"25":[0,0],"26":[0,0],"27":[0,0],"28":[0,0]},"f":{"1":2,"2":2,"3":2,"4":2,"5":2,"6":2,"7":3,"8":3,"9":3,"10":1,"11":6,"12":0},"fnMap":{"1":{"name":"(anonymous_1)","line":26,"loc":{"start":{"line":26,"column":1},"end":{"line":26,"column":13}}},"2":{"name":"(anonymous_2)","line":33,"loc":{"start":{"line":33,"column":5},"end":{"line":33,"column":17}}},"3":{"name":"(anonymous_3)","line":37,"loc":{"start":{"line":37,"column":24},"end":{"line":37,"column":36}}},"4":{"name":"(anonymous_4)","line":69,"loc":{"start":{"line":69,"column":31},"end":{"line":69,"column":48}},"skip":true},"5":{"name":"(anonymous_5)","line":78,"loc":{"start":{"line":78,"column":26},"end":{"line":78,"column":45}},"skip":true},"6":{"name":"(anonymous_6)","line":123,"loc":{"start":{"line":123,"column":33},"end":{"line":123,"column":48}},"skip":true},"7":{"name":"(anonymous_7)","line":125,"loc":{"start":{"line":125,"column":27},"end":{"line":125,"column":39}},"skip":true},"8":{"name":"(anonymous_8)","line":133,"loc":{"start":{"line":133,"column":59},"end":{"line":133,"column":74}},"skip":true},"9":{"name":"(anonymous_9)","line":143,"loc":{"start":{"line":143,"column":45},"end":{"line":143,"column":62}},"skip":true},"10":{"name":"(anonymous_10)","line":144,"loc":{"start":{"line":144,"column":73},"end":{"line":144,"column":92}},"skip":true},"11":{"name":"(anonymous_11)","line":272,"loc":{"start":{"line":272,"column":51},"end":{"line":272,"column":77}},"skip":true},"12":{"name":"(anonymous_12)","line":315,"loc":{"start":{"line":315,"column":32},"end":{"line":315,"column":61}},"skip":true}},"statementMap":{"1":{"start":{"line":26,"column":0},"end":{"line":326,"column":5}},"2":{"start":{"line":28,"column":4},"end":{"line":28,"column":14}},"3":{"start":{"line":33,"column":4},"end":{"line":60,"column":9}},"4":{"start":{"line":35,"column":8},"end":{"line":35,"column":19}},"5":{"start":{"line":37,"column":8},"end":{"line":49,"column":13}},"6":{"start":{"line":38,"column":12},"end":{"line":48,"column":13}},"7":{"start":{"line":39,"column":16},"end":{"line":42,"column":30}},"8":{"start":{"line":44,"column":16},"end":{"line":47,"column":27}},"9":{"start":{"line":51,"column":8},"end":{"line":53,"column":21}},"10":{"start":{"line":55,"column":8},"end":{"line":57,"column":45}},"11":{"start":{"line":59,"column":8},"end":{"line":59,"column":35}},"12":{"start":{"line":61,"column":4},"end":{"line":325,"column":5}},"13":{"start":{"line":69,"column":8},"end":{"line":121,"column":10},"skip":true},"14":{"start":{"line":70,"column":12},"end":{"line":88,"column":13},"skip":true},"15":{"start":{"line":76,"column":16},"end":{"line":87,"column":19},"skip":true},"16":{"start":{"line":79,"column":20},"end":{"line":86,"column":21},"skip":true},"17":{"start":{"line":82,"column":24},"end":{"line":82,"column":43},"skip":true},"18":{"start":{"line":83,"column":24},"end":{"line":83,"column":30},"skip":true},"19":{"start":{"line":85,"column":24},"end":{"line":85,"column":49},"skip":true},"20":{"start":{"line":89,"column":12},"end":{"line":107,"column":13},"skip":true},"21":{"start":{"line":92,"column":16},"end":{"line":102,"column":17},"skip":true},"22":{"start":{"line":93,"column":20},"end":{"line":93,"column":86},"skip":true},"23":{"start":{"line":94,"column":20},"end":{"line":95,"column":45},"skip":true},"24":{"start":{"line":96,"column":20},"end":{"line":96,"column":42},"skip":true},"25":{"start":{"line":97,"column":20},"end":{"line":97,"column":48},"skip":true},"26":{"start":{"line":100,"column":20},"end":{"line":100,"column":85},"skip":true},"27":{"start":{"line":101,"column":20},"end":{"line":101,"column":96},"skip":true},"28":{"start":{"line":103,"column":16},"end":{"line":103,"column":22},"skip":true},"29":{"start":{"line":106,"column":16},"end":{"line":106,"column":22},"skip":true},"30":{"start":{"line":108,"column":12},"end":{"line":120,"column":13},"skip":true},"31":{"start":{"line":114,"column":16},"end":{"line":119,"column":17},"skip":true},"32":{"start":{"line":116,"column":20},"end":{"line":116,"column":78},"skip":true},"33":{"start":{"line":118,"column":20},"end":{"line":118,"column":47},"skip":true},"34":{"start":{"line":123,"column":8},"end":{"line":141,"column":11},"skip":true},"35":{"start":{"line":124,"column":12},"end":{"line":124,"column":54},"skip":true},"36":{"start":{"line":125,"column":12},"end":{"line":140,"column":14},"skip":true},"37":{"start":{"line":126,"column":16},"end":{"line":126,"column":28},"skip":true},"38":{"start":{"line":127,"column":16},"end":{"line":127,"column":69},"skip":true},"39":{"start":{"line":128,"column":16},"end":{"line":128,"column":75},"skip":true},"40":{"start":{"line":129,"column":16},"end":{"line":131,"column":17},"skip":true},"41":{"start":{"line":130,"column":20},"end":{"line":130,"column":27},"skip":true},"42":{"start":{"line":133,"column":16},"end":{"line":137,"column":36},"skip":true},"43":{"start":{"line":134,"column":20},"end":{"line":136,"column":55},"skip":true},"44":{"start":{"line":139,"column":16},"end":{"line":139,"column":57},"skip":true},"45":{"start":{"line":143,"column":8},"end":{"line":147,"column":11},"skip":true},"46":{"start":{"line":144,"column":12},"end":{"line":146,"column":15},"skip":true},"47":{"start":{"line":145,"column":16},"end":{"line":145,"column":70},"skip":true},"48":{"start":{"line":149,"column":8},"end":{"line":149,"column":31},"skip":true},"49":{"start":{"line":150,"column":8},"end":{"line":150,"column":14},"skip":true},"50":{"start":{"line":158,"column":8},"end":{"line":158,"column":31},"skip":true},"51":{"start":{"line":160,"column":8},"end":{"line":160,"column":33},"skip":true},"52":{"start":{"line":161,"column":8},"end":{"line":161,"column":37},"skip":true},"53":{"start":{"line":162,"column":8},"end":{"line":162,"column":35},"skip":true},"54":{"start":{"line":164,"column":8},"end":{"line":164,"column":50},"skip":true},"55":{"start":{"line":166,"column":8},"end":{"line":256,"column":2},"skip":true},"56":{"start":{"line":258,"column":8},"end":{"line":286,"column":9},"skip":true},"57":{"start":{"line":259,"column":12},"end":{"line":269,"column":14},"skip":true},"58":{"start":{"line":271,"column":12},"end":{"line":285,"column":19},"skip":true},"59":{"start":{"line":274,"column":20},"end":{"line":274,"column":35},"skip":true},"60":{"start":{"line":275,"column":20},"end":{"line":284,"column":21},"skip":true},"61":{"start":{"line":277,"column":24},"end":{"line":277,"column":64},"skip":true},"62":{"start":{"line":279,"column":24},"end":{"line":279,"column":40},"skip":true},"63":{"start":{"line":281,"column":24},"end":{"line":281,"column":40},"skip":true},"64":{"start":{"line":283,"column":24},"end":{"line":283,"column":39},"skip":true},"65":{"start":{"line":288,"column":8},"end":{"line":290,"column":9},"skip":true},"66":{"start":{"line":289,"column":12},"end":{"line":289,"column":18},"skip":true},"67":{"start":{"line":291,"column":8},"end":{"line":293,"column":54},"skip":true},"68":{"start":{"line":296,"column":8},"end":{"line":301,"column":37},"skip":true},"69":{"start":{"line":303,"column":8},"end":{"line":303,"column":82},"skip":true},"70":{"start":{"line":306,"column":8},"end":{"line":308,"column":9},"skip":true},"71":{"start":{"line":307,"column":12},"end":{"line":307,"column":82},"skip":true},"72":{"start":{"line":310,"column":8},"end":{"line":312,"column":9},"skip":true},"73":{"start":{"line":311,"column":12},"end":{"line":311,"column":18},"skip":true},"74":{"start":{"line":313,"column":8},"end":{"line":313,"column":54},"skip":true},"75":{"start":{"line":314,"column":8},"end":{"line":314,"column":69},"skip":true},"76":{"start":{"line":315,"column":8},"end":{"line":323,"column":36},"skip":true},"77":{"start":{"line":316,"column":12},"end":{"line":316,"column":61},"skip":true},"78":{"start":{"line":317,"column":12},"end":{"line":320,"column":13},"skip":true},"79":{"start":{"line":318,"column":16},"end":{"line":318,"column":75},"skip":true},"80":{"start":{"line":319,"column":16},"end":{"line":319,"column":23},"skip":true},"81":{"start":{"line":321,"column":12},"end":{"line":321,"column":38},"skip":true},"82":{"start":{"line":322,"column":12},"end":{"line":322,"column":27},"skip":true},"83":{"start":{"line":324,"column":8},"end":{"line":324,"column":14},"skip":true}},"branchMap":{"1":{"line":39,"type":"binary-expr","locations":[{"start":{"line":39,"column":23},"end":{"line":39,"column":62}},{"start":{"line":40,"column":20},"end":{"line":40,"column":70}},{"start":{"line":41,"column":20},"end":{"line":41,"column":71}},{"start":{"line":42,"column":20},"end":{"line":42,"column":29}}]},"2":{"line":44,"type":"binary-expr","locations":[{"start":{"line":44,"column":23},"end":{"line":44,"column":37}},{"start":{"line":45,"column":20},"end":{"line":45,"column":61}},{"start":{"line":46,"column":20},"end":{"line":46,"column":70}},{"start":{"line":47,"column":20},"end":{"line":47,"column":26}}]},"3":{"line":51,"type":"cond-expr","locations":[{"start":{"line":52,"column":14},"end":{"line":52,"column":20}},{"start":{"line":53,"column":14},"end":{"line":53,"column":20}}]},"4":{"line":55,"type":"binary-expr","locations":[{"start":{"line":55,"column":16},"end":{"line":55,"column":44}},{"start":{"line":55,"column":49},"end":{"line":57,"column":43}}]},"5":{"line":55,"type":"cond-expr","locations":[{"start":{"line":56,"column":14},"end":{"line":56,"column":60}},{"start":{"line":57,"column":14},"end":{"line":57,"column":43}}]},"6":{"line":61,"type":"switch","locations":[{"start":{"line":68,"column":4},"end":{"line":150,"column":14},"skip":true},{"start":{"line":156,"column":4},"end":{"line":324,"column":14},"skip":true}]},"7":{"line":70,"type":"if","locations":[{"start":{"line":70,"column":12},"end":{"line":70,"column":12},"skip":true},{"start":{"line":70,"column":12},"end":{"line":70,"column":12},"skip":true}]},"8":{"line":70,"type":"binary-expr","locations":[{"start":{"line":70,"column":16},"end":{"line":70,"column":22},"skip":true},{"start":{"line":70,"column":27},"end":{"line":70,"column":32},"skip":true},{"start":{"line":71,"column":20},"end":{"line":71,"column":39},"skip":true},{"start":{"line":72,"column":20},"end":{"line":72,"column":49},"skip":true},{"start":{"line":73,"column":20},"end":{"line":73,"column":58},"skip":true},{"start":{"line":74,"column":20},"end":{"line":74,"column":69},"skip":true}]},"9":{"line":79,"type":"switch","locations":[{"start":{"line":80,"column":20},"end":{"line":80,"column":33},"skip":true},{"start":{"line":81,"column":20},"end":{"line":83,"column":30},"skip":true},{"start":{"line":84,"column":20},"end":{"line":85,"column":49},"skip":true}]},"10":{"line":89,"type":"switch","locations":[{"start":{"line":90,"column":12},"end":{"line":103,"column":22},"skip":true},{"start":{"line":105,"column":12},"end":{"line":106,"column":22},"skip":true}]},"11":{"line":89,"type":"binary-expr","locations":[{"start":{"line":89,"column":20},"end":{"line":89,"column":25},"skip":true},{"start":{"line":89,"column":29},"end":{"line":89,"column":48},"skip":true},{"start":{"line":89,"column":52},"end":{"line":89,"column":74},"skip":true}]},"12":{"line":92,"type":"if","locations":[{"start":{"line":92,"column":16},"end":{"line":92,"column":16},"skip":true},{"start":{"line":92,"column":16},"end":{"line":92,"column":16},"skip":true}]},"13":{"line":108,"type":"if","locations":[{"start":{"line":108,"column":12},"end":{"line":108,"column":12},"skip":true},{"start":{"line":108,"column":12},"end":{"line":108,"column":12},"skip":true}]},"14":{"line":108,"type":"binary-expr","locations":[{"start":{"line":108,"column":16},"end":{"line":108,"column":61},"skip":true},{"start":{"line":108,"column":66},"end":{"line":108,"column":72},"skip":true},{"start":{"line":108,"column":77},"end":{"line":108,"column":82},"skip":true},{"start":{"line":109,"column":20},"end":{"line":109,"column":39},"skip":true},{"start":{"line":110,"column":20},"end":{"line":110,"column":49},"skip":true},{"start":{"line":111,"column":20},"end":{"line":111,"column":58},"skip":true},{"start":{"line":112,"column":20},"end":{"line":112,"column":68},"skip":true}]},"15":{"line":129,"type":"if","locations":[{"start":{"line":129,"column":16},"end":{"line":129,"column":16},"skip":true},{"start":{"line":129,"column":16},"end":{"line":129,"column":16},"skip":true}]},"16":{"line":134,"type":"cond-expr","locations":[{"start":{"line":135,"column":26},"end":{"line":135,"column":29},"skip":true},{"start":{"line":136,"column":26},"end":{"line":136,"column":54},"skip":true}]},"17":{"line":164,"type":"binary-expr","locations":[{"start":{"line":164,"column":27},"end":{"line":164,"column":43},"skip":true},{"start":{"line":164,"column":47},"end":{"line":164,"column":49},"skip":true}]},"18":{"line":258,"type":"if","locations":[{"start":{"line":258,"column":8},"end":{"line":258,"column":8},"skip":true},{"start":{"line":258,"column":8},"end":{"line":258,"column":8},"skip":true}]},"19":{"line":275,"type":"switch","locations":[{"start":{"line":276,"column":20},"end":{"line":277,"column":64},"skip":true},{"start":{"line":278,"column":20},"end":{"line":279,"column":40},"skip":true},{"start":{"line":280,"column":20},"end":{"line":281,"column":40},"skip":true},{"start":{"line":282,"column":20},"end":{"line":283,"column":39},"skip":true}]},"20":{"line":288,"type":"if","locations":[{"start":{"line":288,"column":8},"end":{"line":288,"column":8},"skip":true},{"start":{"line":288,"column":8},"end":{"line":288,"column":8},"skip":true}]},"21":{"line":288,"type":"binary-expr","locations":[{"start":{"line":288,"column":12},"end":{"line":288,"column":40},"skip":true},{"start":{"line":288,"column":44},"end":{"line":288,"column":67},"skip":true}]},"22":{"line":292,"type":"binary-expr","locations":[{"start":{"line":292,"column":12},"end":{"line":292,"column":50},"skip":true},{"start":{"line":293,"column":12},"end":{"line":293,"column":53},"skip":true}]},"23":{"line":297,"type":"binary-expr","locations":[{"start":{"line":297,"column":12},"end":{"line":297,"column":74},"skip":true},{"start":{"line":298,"column":12},"end":{"line":301,"column":36},"skip":true}]},"24":{"line":303,"type":"binary-expr","locations":[{"start":{"line":303,"column":43},"end":{"line":303,"column":75},"skip":true},{"start":{"line":303,"column":79},"end":{"line":303,"column":81},"skip":true}]},"25":{"line":306,"type":"if","locations":[{"start":{"line":306,"column":8},"end":{"line":306,"column":8},"skip":true},{"start":{"line":306,"column":8},"end":{"line":306,"column":8},"skip":true}]},"26":{"line":310,"type":"if","locations":[{"start":{"line":310,"column":8},"end":{"line":310,"column":8},"skip":true},{"start":{"line":310,"column":8},"end":{"line":310,"column":8},"skip":true}]},"27":{"line":313,"type":"binary-expr","locations":[{"start":{"line":313,"column":27},"end":{"line":313,"column":43},"skip":true},{"start":{"line":313,"column":47},"end":{"line":313,"column":53},"skip":true}]},"28":{"line":317,"type":"if","locations":[{"start":{"line":317,"column":12},"end":{"line":317,"column":12},"skip":true},{"start":{"line":317,"column":12},"end":{"line":317,"column":12},"skip":true}]}},"code":["/*","example.js","","quickstart example","","instruction","    1. save this script as example.js","    2. run the shell command:","        $ npm install npmtest-raptor-templates && PORT=8081 node example.js","    3. play with the browser-demo on http://127.0.0.1:8081","*/","","","","/* istanbul instrument in package npmtest_raptor_templates */","/*jslint","    bitwise: true,","    browser: true,","    maxerr: 8,","    maxlen: 96,","    node: true,","    nomen: true,","    regexp: true,","    stupid: true","*/","(function () {","    'use strict';","    var local;","","","","    // run shared js-env code - pre-init","    (function () {","        // init local","        local = {};","        // init modeJs","        local.modeJs = (function () {","            try {","                return typeof navigator.userAgent === 'string' &&","                    typeof document.querySelector('body') === 'object' &&","                    typeof XMLHttpRequest.prototype.open === 'function' &&","                    'browser';","            } catch (errorCaughtBrowser) {","                return module.exports &&","                    typeof process.versions.node === 'string' &&","                    typeof require('http').createServer === 'function' &&","                    'node';","            }","        }());","        // init global","        local.global = local.modeJs === 'browser'","            ? window","            : global;","        // init utility2_rollup","        local = local.global.utility2_rollup || (local.modeJs === 'browser'","            ? local.global.utility2_npmtest_raptor_templates","            : global.utility2_moduleExports);","        // export local","        local.global.local = local;","    }());","    switch (local.modeJs) {","","","","    // post-init","    // run browser js-env code - post-init","    /* istanbul ignore next */","    case 'browser':","        local.testRunBrowser = function (event) {","            if (!event || (event &&","                    event.currentTarget &&","                    event.currentTarget.className &&","                    event.currentTarget.className.includes &&","                    event.currentTarget.className.includes('onreset'))) {","                // reset output","                Array.from(","                    document.querySelectorAll('body > .resettable')","                ).forEach(function (element) {","                    switch (element.tagName) {","                    case 'INPUT':","                    case 'TEXTAREA':","                        element.value = '';","                        break;","                    default:","                        element.textContent = '';","                    }","                });","            }","            switch (event && event.currentTarget && event.currentTarget.id) {","            case 'testRunButton1':","                // show tests","                if (document.querySelector('#testReportDiv1').style.display === 'none') {","                    document.querySelector('#testReportDiv1').style.display = 'block';","                    document.querySelector('#testRunButton1').textContent =","                        'hide internal test';","                    local.modeTest = true;","                    local.testRunDefault(local);","                // hide tests","                } else {","                    document.querySelector('#testReportDiv1').style.display = 'none';","                    document.querySelector('#testRunButton1').textContent = 'run internal test';","                }","                break;","            // custom-case","            default:","                break;","            }","            if (document.querySelector('#inputTextareaEval1') && (!event || (event &&","                    event.currentTarget &&","                    event.currentTarget.className &&","                    event.currentTarget.className.includes &&","                    event.currentTarget.className.includes('oneval')))) {","                // try to eval input-code","                try {","                    /*jslint evil: true*/","                    eval(document.querySelector('#inputTextareaEval1').value);","                } catch (errorCaught) {","                    console.error(errorCaught);","                }","            }","        };","        // log stderr and stdout to #outputTextareaStdout1","        ['error', 'log'].forEach(function (key) {","            console[key + '_original'] = console[key];","            console[key] = function () {","                var element;","                console[key + '_original'].apply(console, arguments);","                element = document.querySelector('#outputTextareaStdout1');","                if (!element) {","                    return;","                }","                // append text to #outputTextareaStdout1","                element.value += Array.from(arguments).map(function (arg) {","                    return typeof arg === 'string'","                        ? arg","                        : JSON.stringify(arg, null, 4);","                }).join(' ') + '\\n';","                // scroll textarea to bottom","                element.scrollTop = element.scrollHeight;","            };","        });","        // init event-handling","        ['change', 'click', 'keyup'].forEach(function (event) {","            Array.from(document.querySelectorAll('.on' + event)).forEach(function (element) {","                element.addEventListener(event, local.testRunBrowser);","            });","        });","        // run tests","        local.testRunBrowser();","        break;","","","","    // run node js-env code - post-init","    /* istanbul ignore next */","    case 'node':","        // export local","        module.exports = local;","        // require modules","        local.fs = require('fs');","        local.http = require('http');","        local.url = require('url');","        // init assets","        local.assetsDict = local.assetsDict || {};","        /* jslint-ignore-begin */","        local.assetsDict['/assets.index.template.html'] = '\\","<!doctype html>\\n\\","<html lang=\"en\">\\n\\","<head>\\n\\","<meta charset=\"UTF-8\">\\n\\","<meta name=\"viewport\" content=\"width=device-width, initial-scale=1\">\\n\\","<title>{{env.npm_package_name}} (v{{env.npm_package_version}})</title>\\n\\","<style>\\n\\","/*csslint\\n\\","    box-sizing: false,\\n\\","    universal-selector: false\\n\\","*/\\n\\","* {\\n\\","    box-sizing: border-box;\\n\\","}\\n\\","body {\\n\\","    background: #dde;\\n\\","    font-family: Arial, Helvetica, sans-serif;\\n\\","    margin: 2rem;\\n\\","}\\n\\","body > * {\\n\\","    margin-bottom: 1rem;\\n\\","}\\n\\",".utility2FooterDiv {\\n\\","    margin-top: 20px;\\n\\","    text-align: center;\\n\\","}\\n\\","</style>\\n\\","<style>\\n\\","/*csslint\\n\\","*/\\n\\","textarea {\\n\\","    font-family: monospace;\\n\\","    height: 10rem;\\n\\","    width: 100%;\\n\\","}\\n\\","textarea[readonly] {\\n\\","    background: #ddd;\\n\\","}\\n\\","</style>\\n\\","</head>\\n\\","<body>\\n\\","<!-- utility2-comment\\n\\","<div id=\"ajaxProgressDiv1\" style=\"background: #d00; height: 2px; left: 0; margin: 0; padding: 0; position: fixed; top: 0; transition: background 0.5s, width 1.5s; width: 25%;\"></div>\\n\\","utility2-comment -->\\n\\","<h1>\\n\\","<!-- utility2-comment\\n\\","    <a\\n\\","        {{#if env.npm_package_homepage}}\\n\\","        href=\"{{env.npm_package_homepage}}\"\\n\\","        {{/if env.npm_package_homepage}}\\n\\","        target=\"_blank\"\\n\\","    >\\n\\","utility2-comment -->\\n\\","        {{env.npm_package_name}} (v{{env.npm_package_version}})\\n\\","<!-- utility2-comment\\n\\","    </a>\\n\\","utility2-comment -->\\n\\","</h1>\\n\\","<h3>{{env.npm_package_description}}</h3>\\n\\","<!-- utility2-comment\\n\\","<h4><a download href=\"assets.app.js\">download standalone app</a></h4>\\n\\","<button class=\"onclick onreset\" id=\"testRunButton1\">run internal test</button><br>\\n\\","<div id=\"testReportDiv1\" style=\"display: none;\"></div>\\n\\","utility2-comment -->\\n\\","\\n\\","\\n\\","\\n\\","<label>stderr and stdout</label>\\n\\","<textarea class=\"resettable\" id=\"outputTextareaStdout1\" readonly></textarea>\\n\\","<!-- utility2-comment\\n\\","{{#if isRollup}}\\n\\","<script src=\"assets.app.js\"></script>\\n\\","{{#unless isRollup}}\\n\\","utility2-comment -->\\n\\","<script src=\"assets.utility2.rollup.js\"></script>\\n\\","<script src=\"jsonp.utility2._stateInit?callback=window.utility2._stateInit\"></script>\\n\\","<script src=\"assets.npmtest_raptor_templates.rollup.js\"></script>\\n\\","<script src=\"assets.example.js\"></script>\\n\\","<script src=\"assets.test.js\"></script>\\n\\","<!-- utility2-comment\\n\\","{{/if isRollup}}\\n\\","utility2-comment -->\\n\\","<div class=\"utility2FooterDiv\">\\n\\","    [ this app was created with\\n\\","    <a href=\"https://github.com/kaizhu256/node-utility2\" target=\"_blank\">utility2</a>\\n\\","    ]\\n\\","</div>\\n\\","</body>\\n\\","</html>\\n\\","';","        /* jslint-ignore-end */","        if (local.templateRender) {","            local.assetsDict['/'] = local.templateRender(","                local.assetsDict['/assets.index.template.html'],","                {","                    env: local.objectSetDefault(local.env, {","                        npm_package_description: 'the greatest app in the world!',","                        npm_package_name: 'my-app',","                        npm_package_nameAlias: 'my_app',","                        npm_package_version: '0.0.1'","                    })","                }","            );","        } else {","            local.assetsDict['/'] = local.assetsDict['/assets.index.template.html']","                .replace((/\\{\\{env\\.(\\w+?)\\}\\}/g), function (match0, match1) {","                    // jslint-hack","                    String(match0);","                    switch (match1) {","                    case 'npm_package_description':","                        return 'the greatest app in the world!';","                    case 'npm_package_name':","                        return 'my-app';","                    case 'npm_package_nameAlias':","                        return 'my_app';","                    case 'npm_package_version':","                        return '0.0.1';","                    }","                });","        }","        // run the cli","        if (local.global.utility2_rollup || module !== require.main) {","            break;","        }","        local.assetsDict['/assets.example.js'] =","            local.assetsDict['/assets.example.js'] ||","            local.fs.readFileSync(__filename, 'utf8');","        // bug-workaround - long $npm_package_buildCustomOrg","        /* jslint-ignore-begin */","        local.assetsDict['/assets.npmtest_raptor_templates.rollup.js'] =","            local.assetsDict['/assets.npmtest_raptor_templates.rollup.js'] ||","            local.fs.readFileSync(","                local.npmtest_raptor_templates.__dirname + '/lib.npmtest_raptor_templates.js',","                'utf8'","            ).replace((/^#!/), '//');","        /* jslint-ignore-end */","        local.assetsDict['/favicon.ico'] = local.assetsDict['/favicon.ico'] || '';","        // if $npm_config_timeout_exit exists,","        // then exit this process after $npm_config_timeout_exit ms","        if (Number(process.env.npm_config_timeout_exit)) {","            setTimeout(process.exit, Number(process.env.npm_config_timeout_exit));","        }","        // start server","        if (local.global.utility2_serverHttp1) {","            break;","        }","        process.env.PORT = process.env.PORT || '8081';","        console.error('server starting on port ' + process.env.PORT);","        local.http.createServer(function (request, response) {","            request.urlParsed = local.url.parse(request.url);","            if (local.assetsDict[request.urlParsed.pathname] !== undefined) {","                response.end(local.assetsDict[request.urlParsed.pathname]);","                return;","            }","            response.statusCode = 404;","            response.end();","        }).listen(process.env.PORT);","        break;","    }","}());",""],"l":{"26":2,"28":2,"33":2,"35":2,"37":2,"38":2,"39":2,"44":1,"51":2,"55":2,"59":2,"61":2,"69":1,"70":2,"76":2,"79":2,"82":2,"83":2,"85":1,"89":2,"92":1,"93":1,"94":1,"96":1,"97":1,"100":1,"101":1,"103":1,"106":1,"108":2,"114":1,"116":1,"118":1,"123":1,"124":2,"125":2,"126":3,"127":3,"128":3,"129":3,"130":1,"133":3,"134":3,"139":3,"143":1,"144":3,"145":1,"149":1,"150":1,"158":1,"160":1,"161":1,"162":1,"164":1,"166":1,"258":1,"259":1,"271":1,"274":6,"275":6,"277":1,"279":2,"281":1,"283":2,"288":1,"289":1,"291":1,"296":1,"303":1,"306":1,"307":1,"310":1,"311":1,"313":1,"314":1,"315":1,"316":1,"317":1,"318":1,"319":1,"321":1,"322":1,"324":1}},"/home/travis/build/npmtest/node-npmtest-raptor-templates/node_modules/raptor-templates/runtime/raptor-templates-runtime.js":{"path":"/home/travis/build/npmtest/node-npmtest-raptor-templates/node_modules/raptor-templates/runtime/raptor-templates-runtime.js","s":{"1":1,"2":1,"3":1,"4":1,"5":1,"6":1,"7":1,"8":1,"9":1,"10":1,"11":1,"12":1,"13":1,"14":1,"15":1,"16":0,"17":0,"18":0,"19":0,"20":1,"21":0,"22":1,"23":0,"24":0,"25":0,"26":0,"27":0,"28":0,"29":0,"30":0,"31":0,"32":0,"33":0,"34":0,"35":0,"36":0,"37":0,"38":0,"39":0,"40":0,"41":0,"42":0,"43":0,"44":0,"45":0,"46":1,"47":1,"48":0,"49":0,"50":0,"51":0,"52":1,"53":0,"54":0,"55":0,"56":0,"57":0,"58":0,"59":0,"60":0,"61":0,"62":0,"63":0,"64":1,"65":1,"66":0,"67":0,"68":0,"69":0,"70":0,"71":0,"72":0,"73":1,"74":1,"75":0,"76":1,"77":0,"78":1,"79":0,"80":1,"81":0,"82":1},"b":{"1":[1,0],"2":[0,0],"3":[0,0],"4":[0,0],"5":[0,0],"6":[0,0],"7":[1,0],"8":[0,0],"9":[0,0],"10":[0,0],"11":[0,0],"12":[0,0]},"f":{"1":0,"2":0,"3":0,"4":0,"5":0,"6":0,"7":0,"8":0,"9":0,"10":0,"11":0,"12":0,"13":0,"14":0,"15":0,"16":0},"fnMap":{"1":{"name":"renderWithCallback","line":46,"loc":{"start":{"line":46,"column":0},"end":{"line":46,"column":63}}},"2":{"name":"(anonymous_2)","line":48,"loc":{"start":{"line":48,"column":19},"end":{"line":48,"column":30}}},"3":{"name":"Template","line":58,"loc":{"start":{"line":58,"column":0},"end":{"line":58,"column":30}}},"4":{"name":"(anonymous_4)","line":63,"loc":{"start":{"line":63,"column":16},"end":{"line":63,"column":31}}},"5":{"name":"(anonymous_5)","line":70,"loc":{"start":{"line":70,"column":12},"end":{"line":70,"column":46}}},"6":{"name":"(anonymous_6)","line":96,"loc":{"start":{"line":96,"column":12},"end":{"line":96,"column":27}}},"7":{"name":"(anonymous_7)","line":98,"loc":{"start":{"line":98,"column":19},"end":{"line":98,"column":30}}},"8":{"name":"(anonymous_8)","line":108,"loc":{"start":{"line":108,"column":15},"end":{"line":108,"column":40}}},"9":{"name":"(anonymous_9)","line":116,"loc":{"start":{"line":116,"column":15},"end":{"line":116,"column":30}}},"10":{"name":"(anonymous_10)","line":121,"loc":{"start":{"line":121,"column":13},"end":{"line":121,"column":24}}},"11":{"name":"(anonymous_11)","line":124,"loc":{"start":{"line":124,"column":15},"end":{"line":124,"column":26}}},"12":{"name":"load","line":143,"loc":{"start":{"line":143,"column":0},"end":{"line":143,"column":28}}},"13":{"name":"(anonymous_13)","line":161,"loc":{"start":{"line":161,"column":17},"end":{"line":161,"column":56}}},"14":{"name":"(anonymous_14)","line":165,"loc":{"start":{"line":165,"column":17},"end":{"line":165,"column":46}}},"15":{"name":"(anonymous_15)","line":169,"loc":{"start":{"line":169,"column":17},"end":{"line":169,"column":40}}},"16":{"name":"(anonymous_16)","line":173,"loc":{"start":{"line":173,"column":24},"end":{"line":173,"column":41}}}},"statementMap":{"1":{"start":{"line":23,"column":0},"end":{"line":23,"column":53}},"2":{"start":{"line":24,"column":0},"end":{"line":24,"column":36}},"3":{"start":{"line":25,"column":0},"end":{"line":25,"column":35}},"4":{"start":{"line":26,"column":0},"end":{"line":26,"column":33}},"5":{"start":{"line":27,"column":0},"end":{"line":27,"column":15}},"6":{"start":{"line":28,"column":0},"end":{"line":28,"column":13}},"7":{"start":{"line":30,"column":0},"end":{"line":30,"column":26}},"8":{"start":{"line":33,"column":0},"end":{"line":33,"column":11}},"9":{"start":{"line":34,"column":0},"end":{"line":34,"column":22}},"10":{"start":{"line":36,"column":0},"end":{"line":36,"column":15}},"11":{"start":{"line":37,"column":0},"end":{"line":39,"column":13}},"12":{"start":{"line":38,"column":4},"end":{"line":38,"column":41}},"13":{"start":{"line":41,"column":0},"end":{"line":43,"column":1}},"14":{"start":{"line":42,"column":4},"end":{"line":42,"column":33}},"15":{"start":{"line":46,"column":0},"end":{"line":56,"column":1}},"16":{"start":{"line":47,"column":4},"end":{"line":51,"column":31}},"17":{"start":{"line":49,"column":12},"end":{"line":49,"column":48}},"18":{"start":{"line":53,"column":4},"end":{"line":53,"column":30}},"19":{"start":{"line":55,"column":4},"end":{"line":55,"column":18}},"20":{"start":{"line":58,"column":0},"end":{"line":60,"column":1}},"21":{"start":{"line":59,"column":4},"end":{"line":59,"column":24}},"22":{"start":{"line":62,"column":0},"end":{"line":105,"column":2}},"23":{"start":{"line":64,"column":8},"end":{"line":64,"column":36}},"24":{"start":{"line":65,"column":8},"end":{"line":65,"column":23}},"25":{"start":{"line":66,"column":8},"end":{"line":66,"column":30}},"26":{"start":{"line":67,"column":8},"end":{"line":67,"column":22}},"27":{"start":{"line":68,"column":8},"end":{"line":68,"column":35}},"28":{"start":{"line":71,"column":8},"end":{"line":73,"column":9}},"29":{"start":{"line":72,"column":12},"end":{"line":72,"column":22}},"30":{"start":{"line":76,"column":8},"end":{"line":76,"column":51}},"31":{"start":{"line":77,"column":8},"end":{"line":92,"column":9}},"32":{"start":{"line":78,"column":12},"end":{"line":81,"column":13}},"33":{"start":{"line":79,"column":16},"end":{"line":79,"column":35}},"34":{"start":{"line":80,"column":16},"end":{"line":80,"column":40}},"35":{"start":{"line":82,"column":12},"end":{"line":82,"column":62}},"36":{"start":{"line":84,"column":12},"end":{"line":91,"column":13}},"37":{"start":{"line":85,"column":16},"end":{"line":85,"column":38}},"38":{"start":{"line":88,"column":16},"end":{"line":88,"column":47}},"39":{"start":{"line":89,"column":16},"end":{"line":89,"column":38}},"40":{"start":{"line":90,"column":16},"end":{"line":90,"column":30}},"41":{"start":{"line":94,"column":8},"end":{"line":94,"column":23}},"42":{"start":{"line":97,"column":8},"end":{"line":101,"column":9}},"43":{"start":{"line":98,"column":12},"end":{"line":100,"column":14}},"44":{"start":{"line":99,"column":16},"end":{"line":99,"column":60}},"45":{"start":{"line":103,"column":8},"end":{"line":103,"column":40}},"46":{"start":{"line":107,"column":0},"end":{"line":141,"column":1}},"47":{"start":{"line":108,"column":4},"end":{"line":113,"column":6}},"48":{"start":{"line":109,"column":8},"end":{"line":109,"column":35}},"49":{"start":{"line":110,"column":8},"end":{"line":110,"column":27}},"50":{"start":{"line":111,"column":8},"end":{"line":111,"column":23}},"51":{"start":{"line":112,"column":8},"end":{"line":112,"column":31}},"52":{"start":{"line":115,"column":4},"end":{"line":138,"column":6}},"53":{"start":{"line":117,"column":12},"end":{"line":119,"column":13}},"54":{"start":{"line":118,"column":16},"end":{"line":118,"column":32}},"55":{"start":{"line":122,"column":12},"end":{"line":122,"column":28}},"56":{"start":{"line":125,"column":12},"end":{"line":127,"column":13}},"57":{"start":{"line":126,"column":16},"end":{"line":126,"column":23}},"58":{"start":{"line":129,"column":12},"end":{"line":129,"column":34}},"59":{"start":{"line":131,"column":12},"end":{"line":131,"column":35}},"60":{"start":{"line":132,"column":12},"end":{"line":132,"column":31}},"61":{"start":{"line":134,"column":12},"end":{"line":134,"column":54}},"62":{"start":{"line":135,"column":12},"end":{"line":135,"column":43}},"63":{"start":{"line":136,"column":12},"end":{"line":136,"column":26}},"64":{"start":{"line":140,"column":4},"end":{"line":140,"column":62}},"65":{"start":{"line":143,"column":0},"end":{"line":157,"column":1}},"66":{"start":{"line":144,"column":4},"end":{"line":144,"column":17}},"67":{"start":{"line":146,"column":4},"end":{"line":154,"column":5}},"68":{"start":{"line":147,"column":8},"end":{"line":147,"column":39}},"69":{"start":{"line":148,"column":8},"end":{"line":150,"column":9}},"70":{"start":{"line":149,"column":12},"end":{"line":149,"column":89}},"71":{"start":{"line":153,"column":8},"end":{"line":153,"column":92}},"72":{"start":{"line":156,"column":4},"end":{"line":156,"column":20}},"73":{"start":{"line":159,"column":0},"end":{"line":159,"column":20}},"74":{"start":{"line":161,"column":0},"end":{"line":163,"column":2}},"75":{"start":{"line":162,"column":4},"end":{"line":162,"column":52}},"76":{"start":{"line":165,"column":0},"end":{"line":167,"column":2}},"77":{"start":{"line":166,"column":4},"end":{"line":166,"column":43}},"78":{"start":{"line":169,"column":0},"end":{"line":171,"column":2}},"79":{"start":{"line":170,"column":4},"end":{"line":170,"column":31}},"80":{"start":{"line":173,"column":0},"end":{"line":175,"column":2}},"81":{"start":{"line":174,"column":4},"end":{"line":174,"column":31}},"82":{"start":{"line":177,"column":0},"end":{"line":177,"column":26}}},"branchMap":{"1":{"line":41,"type":"if","locations":[{"start":{"line":41,"column":0},"end":{"line":41,"column":0}},{"start":{"line":41,"column":0},"end":{"line":41,"column":0}}]},"2":{"line":71,"type":"if","locations":[{"start":{"line":71,"column":8},"end":{"line":71,"column":8}},{"start":{"line":71,"column":8},"end":{"line":71,"column":8}}]},"3":{"line":77,"type":"if","locations":[{"start":{"line":77,"column":8},"end":{"line":77,"column":8}},{"start":{"line":77,"column":8},"end":{"line":77,"column":8}}]},"4":{"line":78,"type":"if","locations":[{"start":{"line":78,"column":12},"end":{"line":78,"column":12}},{"start":{"line":78,"column":12},"end":{"line":78,"column":12}}]},"5":{"line":84,"type":"if","locations":[{"start":{"line":84,"column":12},"end":{"line":84,"column":12}},{"start":{"line":84,"column":12},"end":{"line":84,"column":12}}]},"6":{"line":97,"type":"if","locations":[{"start":{"line":97,"column":8},"end":{"line":97,"column":8}},{"start":{"line":97,"column":8},"end":{"line":97,"column":8}}]},"7":{"line":107,"type":"if","locations":[{"start":{"line":107,"column":0},"end":{"line":107,"column":0}},{"start":{"line":107,"column":0},"end":{"line":107,"column":0}}]},"8":{"line":117,"type":"if","locations":[{"start":{"line":117,"column":12},"end":{"line":117,"column":12}},{"start":{"line":117,"column":12},"end":{"line":117,"column":12}}]},"9":{"line":125,"type":"if","locations":[{"start":{"line":125,"column":12},"end":{"line":125,"column":12}},{"start":{"line":125,"column":12},"end":{"line":125,"column":12}}]},"10":{"line":146,"type":"if","locations":[{"start":{"line":146,"column":4},"end":{"line":146,"column":4}},{"start":{"line":146,"column":4},"end":{"line":146,"column":4}}]},"11":{"line":148,"type":"if","locations":[{"start":{"line":148,"column":8},"end":{"line":148,"column":8}},{"start":{"line":148,"column":8},"end":{"line":148,"column":8}}]},"12":{"line":153,"type":"binary-expr","locations":[{"start":{"line":153,"column":19},"end":{"line":153,"column":33}},{"start":{"line":153,"column":38},"end":{"line":153,"column":90}}]}},"code":["/*"," * Copyright 2011 eBay Software Foundation"," *"," * Licensed under the Apache License, Version 2.0 (the \"License\");"," * you may not use this file except in compliance with the License."," * You may obtain a copy of the License at"," *"," *    http://www.apache.org/licenses/LICENSE-2.0"," *"," * Unless required by applicable law or agreed to in writing, software"," * distributed under the License is distributed on an \"AS IS\" BASIS,"," * WITHOUT WARRANTIES OR CONDITIONS OF ANY KIND, either express or implied."," * See the License for the specific language governing permissions and"," * limitations under the License."," */","/**"," * This module provides the runtime for rendering compiled templates."," *"," *"," * <p>The code for the Raptor Templates compiler is kept separately"," * in the {@link raptor/templating/compiler} module."," */","var renderContext = require('raptor-render-context');","var Context = renderContext.Context;","var helpers = require('./helpers');","var loader = require('./loader');","var cache = {};","var Readable;","","exports.Context = Context;","","","var stream;","var STREAM = 'stream';","","var streamPath;","try {","    streamPath = require.resolve(STREAM);","} catch(e) {}","","if (streamPath) {","    stream = require(streamPath);","}","","","function renderWithCallback(template, data, context, callback) {","    context","        .on('end', function() {","            callback(null, context.getOutput());","        })","        .on('error', callback);","","    template._(data, context);    //Invoke the template rendering function with the required arguments","","    context.end();","}","","function Template(renderFunc) {","    this._ = renderFunc;","}","","Template.prototype = {","    renderSync: function(data) {","        var context = new Context();","        context.sync();","        this._(data, context);","        context.end();","        return context.getOutput();","    },","    render: function(data, context, callback) {","        if (data == null) {","            data = {};","        }","","        // callback is last argument if provided","        callback = arguments[arguments.length - 1];","        if (typeof callback === 'function') {","            if (arguments.length === 2) { // data, context, callback","                callback = context;","                context = new Context();","            }","            renderWithCallback(this, data, context, callback);","        } else {","            if (context.isRenderContext) {","                this._(data, context);","            } else {","                // Assume the \"context\" is really a stream","                context = new Context(context);","                this._(data, context);","                context.end(); // End the context and the underlying stream","            }","        }","","        return context;","    },","    stream: function(data) {","        if (!stream) {","            return function() {","                throw new Error('Module not found: stream');","            };","        }","","        return new Readable(this, data);","    }","};","","if (stream) {","    Readable = function(template, data) {","        Readable.$super.call(this);","        this._t = template;","        this._d = data;","        this._rendered = false;","    };","","    Readable.prototype = {","        write: function(data) {","            if (data != null) {","                this.push(data);","            }","        },","        end: function() {","            this.push(null);","        },","        _read: function() {","            if (this._rendered) {","                return;","            }","","            this._rendered = true;","","            var template = this._t;","            var data = this._d;","","            var context = exports.createContext(this);","            template.render(data, context);","            context.end();","        }","    };","","    require('raptor-util/inherit')(Readable, stream.Readable);","}","","function load(templatePath) {","    var template;","","    if (typeof templatePath === 'string') {","        template = cache[templatePath];","        if (!template) {","            template = cache[templatePath] = new Template(loader(templatePath)(helpers));","        }","    } else {","        // Instead of a path, assume we got a compiled template module","        template = templatePath._ || (templatePath._ = new Template(templatePath(helpers)));","    }","","    return template;","}","","exports.load = load;","","exports.render = function (templatePath, data, context) {","    return load(templatePath).render(data, context);","};","","exports.stream = function(templatePath, data) {","    return load(templatePath).stream(data);","};","","exports.unload = function(templatePath) {","    delete cache[templatePath];","};","","exports.createContext = function(writer) {","    return new Context(writer);","};","","exports.helpers = helpers;",""],"l":{"23":1,"24":1,"25":1,"26":1,"27":1,"28":1,"30":1,"33":1,"34":1,"36":1,"37":1,"38":1,"41":1,"42":1,"46":1,"47":0,"49":0,"53":0,"55":0,"58":1,"59":0,"62":1,"64":0,"65":0,"66":0,"67":0,"68":0,"71":0,"72":0,"76":0,"77":0,"78":0,"79":0,"80":0,"82":0,"84":0,"85":0,"88":0,"89":0,"90":0,"94":0,"97":0,"98":0,"99":0,"103":0,"107":1,"108":1,"109":0,"110":0,"111":0,"112":0,"115":1,"117":0,"118":0,"122":0,"125":0,"126":0,"129":0,"131":0,"132":0,"134":0,"135":0,"136":0,"140":1,"143":1,"144":0,"146":0,"147":0,"148":0,"149":0,"153":0,"156":0,"159":1,"161":1,"162":0,"165":1,"166":0,"169":1,"170":0,"173":1,"174":0,"177":1}},"/home/travis/build/npmtest/node-npmtest-raptor-templates/node_modules/raptor-templates/runtime/helpers.js":{"path":"/home/travis/build/npmtest/node-npmtest-raptor-templates/node_modules/raptor-templates/runtime/helpers.js","s":{"1":1,"2":1,"3":1,"4":1,"5":1,"6":1,"7":1,"8":1,"9":0,"10":0,"11":0,"12":1,"13":0,"14":0,"15":0,"16":0,"17":0,"18":0,"19":0,"20":0,"21":0,"22":0,"23":0,"24":0,"25":0,"26":0,"27":0,"28":0,"29":0,"30":0,"31":0,"32":0,"33":0,"34":0,"35":0,"36":0,"37":0,"38":0,"39":0,"40":0,"41":0,"42":0,"43":0,"44":0,"45":0,"46":0,"47":0,"48":0,"49":0,"50":0,"51":0,"52":0,"53":0,"54":0,"55":0,"56":0,"57":0,"58":0,"59":0,"60":0,"61":0},"b":{"1":[0,0],"2":[0,0],"3":[0,0],"4":[0,0],"5":[0,0],"6":[0,0],"7":[0,0],"8":[0,0],"9":[0,0],"10":[0,0],"11":[0,0],"12":[0,0],"13":[0,0],"14":[0,0],"15":[0,0],"16":[0,0],"17":[0,0],"18":[0,0]},"f":{"1":0,"2":0,"3":0,"4":0,"5":0,"6":0,"7":0,"8":0,"9":0,"10":0,"11":0,"12":0,"13":0,"14":0,"15":0,"16":0,"17":0},"fnMap":{"1":{"name":"notEmpty","line":9,"loc":{"start":{"line":9,"column":0},"end":{"line":9,"column":21}}},"2":{"name":"(anonymous_2)","line":17,"loc":{"start":{"line":17,"column":7},"end":{"line":17,"column":21}}},"3":{"name":"(anonymous_3)","line":21,"loc":{"start":{"line":21,"column":8},"end":{"line":21,"column":35}}},"4":{"name":"(anonymous_4)","line":31,"loc":{"start":{"line":31,"column":27},"end":{"line":31,"column":39}}},"5":{"name":"(anonymous_5)","line":34,"loc":{"start":{"line":34,"column":24},"end":{"line":34,"column":36}}},"6":{"name":"(anonymous_6)","line":37,"loc":{"start":{"line":37,"column":25},"end":{"line":37,"column":37}}},"7":{"name":"(anonymous_7)","line":40,"loc":{"start":{"line":40,"column":26},"end":{"line":40,"column":38}}},"8":{"name":"(anonymous_8)","line":50,"loc":{"start":{"line":50,"column":8},"end":{"line":50,"column":31}}},"9":{"name":"(anonymous_9)","line":58,"loc":{"start":{"line":58,"column":8},"end":{"line":58,"column":27}}},"10":{"name":"(anonymous_10)","line":68,"loc":{"start":{"line":68,"column":7},"end":{"line":68,"column":20}}},"11":{"name":"(anonymous_11)","line":74,"loc":{"start":{"line":74,"column":8},"end":{"line":74,"column":23}}},"12":{"name":"(anonymous_12)","line":76,"loc":{"start":{"line":76,"column":22},"end":{"line":76,"column":34}}},"13":{"name":"(anonymous_13)","line":84,"loc":{"start":{"line":84,"column":7},"end":{"line":84,"column":22}}},"14":{"name":"(anonymous_14)","line":90,"loc":{"start":{"line":90,"column":7},"end":{"line":90,"column":48}}},"15":{"name":"(anonymous_15)","line":111,"loc":{"start":{"line":111,"column":7},"end":{"line":111,"column":32}}},"16":{"name":"(anonymous_16)","line":114,"loc":{"start":{"line":114,"column":22},"end":{"line":114,"column":34}}},"17":{"name":"(anonymous_17)","line":119,"loc":{"start":{"line":119,"column":7},"end":{"line":119,"column":37}}}},"statementMap":{"1":{"start":{"line":1,"column":0},"end":{"line":1,"column":49}},"2":{"start":{"line":2,"column":0},"end":{"line":2,"column":35}},"3":{"start":{"line":3,"column":0},"end":{"line":3,"column":28}},"4":{"start":{"line":4,"column":0},"end":{"line":4,"column":43}},"5":{"start":{"line":5,"column":0},"end":{"line":5,"column":39}},"6":{"start":{"line":6,"column":0},"end":{"line":6,"column":41}},"7":{"start":{"line":7,"column":0},"end":{"line":7,"column":45}},"8":{"start":{"line":9,"column":0},"end":{"line":14,"column":1}},"9":{"start":{"line":10,"column":4},"end":{"line":12,"column":5}},"10":{"start":{"line":11,"column":8},"end":{"line":11,"column":30}},"11":{"start":{"line":13,"column":4},"end":{"line":13,"column":13}},"12":{"start":{"line":16,"column":0},"end":{"line":135,"column":2}},"13":{"start":{"line":18,"column":8},"end":{"line":18,"column":40}},"14":{"start":{"line":22,"column":8},"end":{"line":24,"column":9}},"15":{"start":{"line":23,"column":12},"end":{"line":23,"column":19}},"16":{"start":{"line":25,"column":8},"end":{"line":27,"column":9}},"17":{"start":{"line":26,"column":12},"end":{"line":26,"column":28}},"18":{"start":{"line":28,"column":8},"end":{"line":28,"column":18}},"19":{"start":{"line":29,"column":8},"end":{"line":29,"column":31}},"20":{"start":{"line":30,"column":8},"end":{"line":43,"column":14}},"21":{"start":{"line":32,"column":20},"end":{"line":32,"column":31}},"22":{"start":{"line":35,"column":20},"end":{"line":35,"column":41}},"23":{"start":{"line":38,"column":20},"end":{"line":38,"column":35}},"24":{"start":{"line":41,"column":20},"end":{"line":41,"column":29}},"25":{"start":{"line":44,"column":8},"end":{"line":47,"column":9}},"26":{"start":{"line":45,"column":12},"end":{"line":45,"column":29}},"27":{"start":{"line":46,"column":12},"end":{"line":46,"column":42}},"28":{"start":{"line":51,"column":8},"end":{"line":56,"column":9}},"29":{"start":{"line":52,"column":12},"end":{"line":54,"column":13}},"30":{"start":{"line":53,"column":16},"end":{"line":53,"column":32}},"31":{"start":{"line":55,"column":12},"end":{"line":55,"column":41}},"32":{"start":{"line":59,"column":8},"end":{"line":61,"column":9}},"33":{"start":{"line":60,"column":12},"end":{"line":60,"column":19}},"34":{"start":{"line":62,"column":8},"end":{"line":66,"column":9}},"35":{"start":{"line":63,"column":12},"end":{"line":65,"column":13}},"36":{"start":{"line":64,"column":16},"end":{"line":64,"column":30}},"37":{"start":{"line":69,"column":8},"end":{"line":69,"column":28}},"38":{"start":{"line":75,"column":8},"end":{"line":79,"column":10}},"39":{"start":{"line":77,"column":16},"end":{"line":77,"column":27}},"40":{"start":{"line":85,"column":8},"end":{"line":85,"column":68}},"41":{"start":{"line":91,"column":8},"end":{"line":93,"column":9}},"42":{"start":{"line":92,"column":12},"end":{"line":92,"column":23}},"43":{"start":{"line":95,"column":8},"end":{"line":97,"column":9}},"44":{"start":{"line":96,"column":12},"end":{"line":96,"column":36}},"45":{"start":{"line":99,"column":8},"end":{"line":99,"column":17}},"46":{"start":{"line":101,"column":8},"end":{"line":107,"column":9}},"47":{"start":{"line":102,"column":12},"end":{"line":106,"column":13}},"48":{"start":{"line":103,"column":16},"end":{"line":103,"column":31}},"49":{"start":{"line":105,"column":16},"end":{"line":105,"column":63}},"50":{"start":{"line":109,"column":8},"end":{"line":109,"column":43}},"51":{"start":{"line":112,"column":8},"end":{"line":112,"column":49}},"52":{"start":{"line":113,"column":8},"end":{"line":117,"column":10}},"53":{"start":{"line":115,"column":16},"end":{"line":115,"column":30}},"54":{"start":{"line":120,"column":8},"end":{"line":122,"column":9}},"55":{"start":{"line":121,"column":12},"end":{"line":121,"column":19}},"56":{"start":{"line":124,"column":8},"end":{"line":130,"column":9}},"57":{"start":{"line":125,"column":12},"end":{"line":125,"column":48}},"58":{"start":{"line":126,"column":15},"end":{"line":130,"column":9}},"59":{"start":{"line":127,"column":12},"end":{"line":127,"column":39}},"60":{"start":{"line":129,"column":12},"end":{"line":129,"column":48}},"61":{"start":{"line":132,"column":8},"end":{"line":132,"column":20}}},"branchMap":{"1":{"line":10,"type":"if","locations":[{"start":{"line":10,"column":4},"end":{"line":10,"column":4}},{"start":{"line":10,"column":4},"end":{"line":10,"column":4}}]},"2":{"line":18,"type":"cond-expr","locations":[{"start":{"line":18,"column":31},"end":{"line":18,"column":33}},{"start":{"line":18,"column":36},"end":{"line":18,"column":39}}]},"3":{"line":22,"type":"if","locations":[{"start":{"line":22,"column":8},"end":{"line":22,"column":8}},{"start":{"line":22,"column":8},"end":{"line":22,"column":8}}]},"4":{"line":25,"type":"if","locations":[{"start":{"line":25,"column":8},"end":{"line":25,"column":8}},{"start":{"line":25,"column":8},"end":{"line":25,"column":8}}]},"5":{"line":46,"type":"binary-expr","locations":[{"start":{"line":46,"column":21},"end":{"line":46,"column":22}},{"start":{"line":46,"column":26},"end":{"line":46,"column":28}}]},"6":{"line":51,"type":"if","locations":[{"start":{"line":51,"column":8},"end":{"line":51,"column":8}},{"start":{"line":51,"column":8},"end":{"line":51,"column":8}}]},"7":{"line":52,"type":"if","locations":[{"start":{"line":52,"column":12},"end":{"line":52,"column":12}},{"start":{"line":52,"column":12},"end":{"line":52,"column":12}}]},"8":{"line":59,"type":"if","locations":[{"start":{"line":59,"column":8},"end":{"line":59,"column":8}},{"start":{"line":59,"column":8},"end":{"line":59,"column":8}}]},"9":{"line":63,"type":"if","locations":[{"start":{"line":63,"column":12},"end":{"line":63,"column":12}},{"start":{"line":63,"column":12},"end":{"line":63,"column":12}}]},"10":{"line":85,"type":"cond-expr","locations":[{"start":{"line":85,"column":42},"end":{"line":85,"column":60}},{"start":{"line":85,"column":63},"end":{"line":85,"column":67}}]},"11":{"line":91,"type":"if","locations":[{"start":{"line":91,"column":8},"end":{"line":91,"column":8}},{"start":{"line":91,"column":8},"end":{"line":91,"column":8}}]},"12":{"line":95,"type":"if","locations":[{"start":{"line":95,"column":8},"end":{"line":95,"column":8}},{"start":{"line":95,"column":8},"end":{"line":95,"column":8}}]},"13":{"line":101,"type":"if","locations":[{"start":{"line":101,"column":8},"end":{"line":101,"column":8}},{"start":{"line":101,"column":8},"end":{"line":101,"column":8}}]},"14":{"line":101,"type":"binary-expr","locations":[{"start":{"line":101,"column":21},"end":{"line":101,"column":36}},{"start":{"line":101,"column":40},"end":{"line":101,"column":54}}]},"15":{"line":102,"type":"if","locations":[{"start":{"line":102,"column":12},"end":{"line":102,"column":12}},{"start":{"line":102,"column":12},"end":{"line":102,"column":12}}]},"16":{"line":120,"type":"if","locations":[{"start":{"line":120,"column":8},"end":{"line":120,"column":8}},{"start":{"line":120,"column":8},"end":{"line":120,"column":8}}]},"17":{"line":124,"type":"if","locations":[{"start":{"line":124,"column":8},"end":{"line":124,"column":8}},{"start":{"line":124,"column":8},"end":{"line":124,"column":8}}]},"18":{"line":126,"type":"if","locations":[{"start":{"line":126,"column":15},"end":{"line":126,"column":15}},{"start":{"line":126,"column":15},"end":{"line":126,"column":15}}]}},"code":["var escapeXml = require('raptor-util/escapeXml');","var escapeXmlAttr = escapeXml.attr;","var runtime = require('./'); // Circular dependnecy, but that is okay","var extend = require('raptor-util/extend');","var attr = require('raptor-util/attr');","var attrs = require('raptor-util/attrs');","var forEach = require('raptor-util/forEach');","","function notEmpty(o) {","    if (Array.isArray(o) === true) {","        return o.length !== 0;","    }","    return o;","}","","module.exports = {","    s: function(str) {","        return (str == null) ? '' : str;","    },","","    fv: function (array, callback) {","        if (!array) {","            return;","        }","        if (!array.forEach) {","            array = [array];","        }","        var i = 0;","        var len = array.length;","        var loopStatus = {","                getLength: function () {","                    return len;","                },","                isLast: function () {","                    return i === len - 1;","                },","                isFirst: function () {","                    return i === 0;","                },","                getIndex: function () {","                    return i;","                }","            };","        for (; i < len; i++) {","            var o = array[i];","            callback(o || '', loopStatus);","        }","    },","    f: forEach,","    fl: function (array, func) {","        if (array != null) {","            if (!Array.isArray(array)) {","                array = [array];","            }","            func(array, 0, array.length);","        }","    },","    fp: function (o, func) {","        if (!o) {","            return;","        }","        for (var k in o) {","            if (o.hasOwnProperty(k)) {","                func(k, o[k]);","            }","        }","    },","    e: function (o) {","        return !notEmpty(o);","    },","    ne: notEmpty,","    x: escapeXml,","    xa: escapeXmlAttr,","    nx: function (str) {","        return {","            toString: function () {","                return str;","            }","        };","    },","    a: attr,","","    as: attrs,","    l: function(path) {","        return typeof path === 'string' ? runtime.load(path) : path;","    },","","    /* Helpers that require a context below: */","","    t: function (context, handler, props, body) {","        if (!props) {","            props = {};","        }","","        if (body) {","            props.invokeBody = body;","        }","","        var func;","","        if (!(func = handler.process || handler.render)) {","            if (typeof handler === 'function') {","                func = handler;","            } else {","                throw new Error('Invalid handler: ' + handler);","            }","        }","","        func.call(handler, props, context);","    },","    c: function (context, func) {","        var output = context.captureString(func);","        return {","            toString: function () {","                return output;","            }","        };","    },","    i: function(context, path, data) {","        if (!path) {","            return;","        }","","        if (typeof path === 'string') {","            runtime.render(path, data, context);","        } else if (typeof path.render === 'function') {","            path.render(data, context);","        } else {","            throw new Error('Invalid template');","        }","","        return this;","    },","    xt: extend","}
[...]
"4":{"start":{"line":21,"column":0},"end":{"line":29,"column":1}},"5":{"start":{"line":22,"column":4},"end":{"line":22,"column":76}},"6":{"start":{"line":23,"column":4},"end":{"line":23,"column":43}},"7":{"start":{"line":24,"column":4},"end":{"line":27,"column":5}},"8":{"start":{"line":25,"column":8},"end":{"line":25,"column":101}},"9":{"start":{"line":26,"column":8},"end":{"line":26,"column":82}},"10":{"start":{"line":28,"column":4},"end":{"line":28,"column":22}},"11":{"start":{"line":30,"column":0},"end":{"line":62,"column":1}},"12":{"start":{"line":31,"column":4},"end":{"line":31,"column":24}},"13":{"start":{"line":32,"column":4},"end":{"line":61,"column":5}},"14":{"start":{"line":33,"column":8},"end":{"line":51,"column":11}},"15":{"start":{"line":34,"column":12},"end":{"line":50,"column":15}},"16":{"start":{"line":35,"column":16},"end":{"line":37,"column":17}},"17":{"start":{"line":36,"column":20},"end":{"line":36,"column":36}},"18":{"start":{"line":39,"column":16},"end":{"line":49,"column":17}},"19":{"start":{"line":40,"column":20},"end":{"line":40,"column":38}},"20":{"start":{"line":41,"column":20},"end":{"line":43,"column":23}},"21":{"start":{"line":42,"column":24},"end":{"line":42,"column":68}},"22":{"start":{"line":44,"column":20},"end":{"line":44,"column":99}},"23":{"start":{"line":45,"column":23},"end":{"line":49,"column":17}},"24":{"start":{"line":46,"column":20},"end":{"line":46,"column":102}},"25":{"start":{"line":48,"column":20},"end":{"line":48,"column":91}},"26":{"start":{"line":54,"column":8},"end":{"line":58,"column":9}},"27":{"start":{"line":55,"column":12},"end":{"line":55,"column":86}},"28":{"start":{"line":57,"column":12},"end":{"line":57,"column":24}},"29":{"start":{"line":60,"column":8},"end":{"line":60,"column":20}},"30":{"start":{"line":63,"column":0},"end":{"line":71,"column":1}},"31":{"start":{"line":64,"column":4},"end":{"line":66,"column":5}},"32":{"start":{"line":65,"column":8},"end":{"line":65,"column":41}},"33":{"start":{"line":67,"column":4},"end":{"line":67,"column":19}},"34":{"start":{"line":68,"column":4},"end":{"line":68,"column":34}},"35":{"start":{"line":69,"column":4},"end":{"line":69,"column":32}},"36":{"start":{"line":70,"column":4},"end":{"line":70,"column":29}},"37":{"start":{"line":72,"column":0},"end":{"line":72,"column":36}},"38":{"start":{"line":74,"column":0},"end":{"line":81,"column":2}},"39":{"start":{"line":75,"column":4},"end":{"line":77,"column":5}},"40":{"start":{"line":76,"column":8},"end":{"line":76,"column":15}},"41":{"start":{"line":79,"column":4},"end":{"line":79,"column":43}},"42":{"start":{"line":80,"column":4},"end":{"line":80,"column":35}},"43":{"start":{"line":83,"column":0},"end":{"line":177,"column":2}},"44":{"start":{"line":88,"column":8},"end":{"line":88,"column":39}},"45":{"start":{"line":91,"column":8},"end":{"line":93,"column":9}},"46":{"start":{"line":92,"column":12},"end":{"line":92,"column":40}},"47":{"start":{"line":94,"column":8},"end":{"line":94,"column":45}},"48":{"start":{"line":97,"column":8},"end":{"line":97,"column":46}},"49":{"start":{"line":100,"column":8},"end":{"line":100,"column":42}},"50":{"start":{"line":103,"column":8},"end":{"line":103,"column":70}},"51":{"start":{"line":104,"column":8},"end":{"line":104,"column":63}},"52":{"start":{"line":105,"column":8},"end":{"line":105,"column":72}},"53":{"start":{"line":107,"column":8},"end":{"line":109,"column":17}},"54":{"start":{"line":108,"column":12},"end":{"line":108,"column":116}},"55":{"start":{"line":111,"column":8},"end":{"line":111,"column":25}},"56":{"start":{"line":112,"column":8},"end":{"line":112,"column":31}},"57":{"start":{"line":113,"column":8},"end":{"line":145,"column":17}},"58":{"start":{"line":114,"column":12},"end":{"line":114,"column":24}},"59":{"start":{"line":115,"column":12},"end":{"line":143,"column":13}},"60":{"start":{"line":116,"column":16},"end":{"line":116,"column":100}},"61":{"start":{"line":117,"column":16},"end":{"line":132,"column":17}},"62":{"start":{"line":118,"column":20},"end":{"line":118,"column":61}},"63":{"start":{"line":119,"column":20},"end":{"line":119,"column":37}},"64":{"start":{"line":120,"column":20},"end":{"line":124,"column":21}},"65":{"start":{"line":121,"column":24},"end":{"line":121,"column":36}},"66":{"start":{"line":122,"column":24},"end":{"line":122,"column":73}},"67":{"start":{"line":123,"column":24},"end":{"line":123,"column":61}},"68":{"start":{"line":125,"column":20},"end":{"line":125,"column":58}},"69":{"start":{"line":126,"column":20},"end":{"line":131,"column":21}},"70":{"start":{"line":127,"column":24},"end":{"line":129,"column":25}},"71":{"start":{"line":128,"column":28},"end":{"line":128,"column":58}},"72":{"start":{"line":130,"column":24},"end":{"line":130,"column":30}},"73":{"start":{"line":133,"column":16},"end":{"line":136,"column":17}},"74":{"start":{"line":134,"column":20},"end":{"line":134,"column":103}},"75":{"start":{"line":135,"column":20},"end":{"line":135,"column":37}},"76":{"start":{"line":138,"column":16},"end":{"line":138,"column":41}},"77":{"start":{"line":139,"column":16},"end":{"line":142,"column":17}},"78":{"start":{"line":140,"column":20},"end":{"line":140,"column":63}},"79":{"start":{"line":141,"column":20},"end":{"line":141,"column":37}},"80":{"start":{"line":144,"column":12},"end":{"line":144,"column":40}},"81":{"start":{"line":147,"column":8},"end":{"line":149,"column":9}},"82":{"start":{"line":148,"column":12},"end":{"line":148,"column":70}},"83":{"start":{"line":151,"column":8},"end":{"line":175,"column":11}},"84":{"start":{"line":152,"column":12},"end":{"line":174,"column":15}},"85":{"start":{"line":153,"column":16},"end":{"line":153,"column":57}},"86":{"start":{"line":154,"column":16},"end":{"line":164,"column":17}},"87":{"start":{"line":155,"column":20},"end":{"line":155,"column":57}},"88":{"start":{"line":157,"column":20},"end":{"line":161,"column":21}},"89":{"start":{"line":158,"column":24},"end":{"line":160,"column":27}},"90":{"start":{"line":159,"column":28},"end":{"line":159,"column":152}},"91":{"start":{"line":163,"column":20},"end":{"line":163,"column":80}},"92":{"start":{"line":165,"column":16},"end":{"line":173,"column":17}},"93":{"start":{"line":166,"column":20},"end":{"line":166,"column":40}},"94":{"start":{"line":167,"column":20},"end":{"line":169,"column":23}},"95":{"start":{"line":168,"column":24},"end":{"line":168,"column":49}},"96":{"start":{"line":170,"column":20},"end":{"line":172,"column":42}},"97":{"start":{"line":171,"column":24},"end":{"line":171,"column":64}},"98":{"start":{"line":179,"column":0},"end":{"line":179,"column":32}}},"branchMap":{"1":{"line":22,"type":"binary-expr","locations":[{"start":{"line":22,"column":22},"end":{"line":22,"column":43}},{"start":{"line":22,"column":48},"end":{"line":22,"column":74}}]},"2":{"line":24,"type":"if","locations":[{"start":{"line":24,"column":4},"end":{"line":24,"column":4}},{"start":{"line":24,"column":4},"end":{"line":24,"column":4}}]},"3":{"line":32,"type":"if","locations":[{"start":{"line":32,"column":4},"end":{"line":32,"column":4}},{"start":{"line":32,"column":4},"end":{"line":32,"column":4}}]},"4":{"line":35,"type":"if","locations":[{"start":{"line":35,"column":16},"end":{"line":35,"column":16}},{"start":{"line":35,"column":16},"end":{"line":35,"column":16}}]},"5":{"line":39,"type":"if","locations":[{"start":{"line":39,"column":16},"end":{"line":39,"column":16}},{"start":{"line":39,"column":16},"end":{"line":39,"column":16}}]},"6":{"line":45,"type":"if","locations":[{"start":{"line":45,"column":23},"end":{"line":45,"column":23}},{"start":{"line":45,"column":23},"end":{"line":45,"column":23}}]},"7":{"line":45,"type":"binary-expr","locations":[{"start":{"line":45,"column":27},"end":{"line":45,"column":52}},{"start":{"line":45,"column":56},"end":{"line":45,"column":81}}]},"8":{"line":54,"type":"if","locations":[{"start":{"line":54,"column":8},"end":{"line":54,"column":8}},{"start":{"line":54,"column":8},"end":{"line":54,"column":8}}]},"9":{"line":64,"type":"if","locations":[{"start":{"line":64,"column":4},"end":{"line":64,"column":4}},{"start":{"line":64,"column":4},"end":{"line":64,"column":4}}]},"10":{"line":75,"type":"if","locations":[{"start":{"line":75,"column":4},"end":{"line":75,"column":4}},{"start":{"line":75,"column":4},"end":{"line":75,"column":4}}]},"11":{"line":91,"type":"if","locations":[{"start":{"line":91,"column":8},"end":{"line":91,"column":8}},{"start":{"line":91,"column":8},"end":{"line":91,"column":8}}]},"12":{"line":115,"type":"if","locations":[{"start":{"line":115,"column":12},"end":{"line":115,"column":12}},{"start":{"line":115,"column":12},"end":{"line":115,"column":12}}]},"13":{"line":120,"type":"if","locations":[{"start":{"line":120,"column":20},"end":{"line":120,"column":20}},{"start":{"line":120,"column":20},"end":{"line":120,"column":20}}]},"14":{"line":126,"type":"if","locations":[{"start":{"line":126,"column":20},"end":{"line":126,"column":20}},{"start":{"line":126,"column":20},"end":{"line":126,"column":20}}]},"15":{"line":127,"type":"if","locations":[{"start":{"line":127,"column":24},"end":{"line":127,"column":24}},{"start":{"line":127,"column":24},"end":{"line":127,"column":24}}]},"16":{"line":133,"type":"if","locations":[{"start":{"line":133,"column":16},"end":{"line":133,"column":16}},{"start":{"line":133,"column":16},"end":{"line":133,"column":16}}]},"17":{"line":139,"type":"if","locations":[{"start":{"line":139,"column":16},"end":{"line":139,"column":16}},{"start":{"line":139,"column":16},"end":{"line":139,"column":16}}]},"18":{"line":147,"type":"if","locations":[{"start":{"line":147,"column":8},"end":{"line":147,"column":8}},{"start":{"line":147,"column":8},"end":{"line":147,"column":8}}]},"19":{"line":154,"type":"if","locations":[{"start":{"line":154,"column":16},"end":{"line":154,"column":16}},{"start":{"line":154,"column":16},"end":{"line":154,"column":16}}]},"20":{"line":157,"type":"if","locations":[{"start":{"line":157,"column":20},"end":{"line":157,"column":20}},{"start":{"line":157,"column":20},"end":{"line":157,"column":20}}]},"21":{"line":165,"type":"if","locations":[{"start":{"line":165,"column":16},"end":{"line":165,"column":16}},{"start":{"line":165,"column":16},"end":{"line":165,"column":16}}]}},"code":["/*"," * Copyright 2011 eBay Software Foundation"," *"," * Licensed under the Apache License, Version 2.0 (the \"License\");"," * you may not use this file except in compliance with the License."," * You may obtain a copy of the License at"," *"," *    http://www.apache.org/licenses/LICENSE-2.0"," *"," * Unless required by applicable law or agreed to in writing, software"," * distributed under the License is distributed on an \"AS IS\" BASIS,"," * WITHOUT WARRANTIES OR CONDITIONS OF ANY KIND, either express or implied."," * See the License for the specific language governing permissions and"," * limitations under the License."," */","'use strict';","var extend = require('raptor-util').extend;","var forEachEntry = require('raptor-util').forEachEntry;","var stringify = require('raptor-json/stringify');","","function addHandlerVar(template, renderer) {","    var handlerVars = template._handlerVars || (template._handlerVars = {});","    var handlerVar = handlerVars[renderer];","    if (!handlerVar) {","        handlerVars[renderer] = handlerVar = renderer.replace(/[.\\-\\/]/g, '_').replace(/^[_]+/g, '');","        template.addStaticVar(handlerVar, 'require(' + stringify(renderer) + ')');","    }","    return handlerVar;","}","function getPropsStr(props, template) {","    var propsArray = [];","    if (props) {","        template.indent(function () {","            forEachEntry(props, function (name, value) {","                if (typeof value === 'function') {","                    value = value();","                }","","                if (template.isExpression(value)) {","                    var expressionStr;","                    template.indent(function () {","                        expressionStr = value.expression.toString();","                    });","                    propsArray.push(template.indentStr() + stringify(name) + ': ' + expressionStr);","                } else if (typeof value === 'string' || typeof value === 'object') {","                    propsArray.push(template.indentStr() + stringify(name) + ': ' + stringify(value));","                } else {","                    propsArray.push(template.indentStr() + stringify(name) + ': ' + value);","                }","            });","        });","","        ","        if (propsArray.length) {","            return '{\\n' + propsArray.join(',\\n') + '\\n' + template.indentStr() + '}';","        } else {","            return '{}';","        }","    } else {","        return '{}';","    }","}","function TagHandlerNode(tag) {","    if (!this.nodeType) {","        TagHandlerNode.$super.call(this);","    }","    this.tag = tag;","    this.dynamicAttributes = null;","    this.inputExpression = null;","    this.additionalVars = [];","}","TagHandlerNode.nodeType = 'element';","","TagHandlerNode.convertNode = function (node, tag) {","    if (node._TagHandlerNode) {","        return;","    }","","    extend(node, TagHandlerNode.prototype);","    TagHandlerNode.call(node, tag);","};","","TagHandlerNode.prototype = {","","    _TagHandlerNode: true,","","    addNestedVariable: function(name) {","        this.additionalVars.push(name);","    },","    addDynamicAttribute: function (name, value) {","        if (!this.dynamicAttributes) {","            this.dynamicAttributes = {};","        }","        this.dynamicAttributes[name] = value;","    },","    setDynamicAttributesProperty: function(name) {","        this.dynamicAttributesProperty = name;","    },","    setInputExpression: function (expression) {","        this.inputExpression = expression;","    },","    doGenerateCode: function (template) {","        var rendererPath = template.getRequirePath(this.tag.renderer); // Resolve a path to the renderer relative to the directory of the template","        var handlerVar = addHandlerVar(template, rendererPath);","        var tagHelperVar = template.addStaticVar('_tag', '__helpers.t');","","        this.tag.forEachImportedVariable(function (importedVariable) {","            this.setProperty(importedVariable.targetProperty, template.makeExpression(importedVariable.expression));","        }, this);","        ","        var _this = this;","        var variableNames = [];","        _this.tag.forEachVariable(function (nestedVar) {","            var varName;","            if (nestedVar.nameFromAttribute) {","                var possibleNameAttributes = nestedVar.nameFromAttribute.split(/\\s+or\\s+|\\s*,\\s*/i);","                for (var i = 0, len = possibleNameAttributes.length; i < len; i++) {","                    var attrName = possibleNameAttributes[i];","                    var keep = false;","                    if (attrName.endsWith('|keep')) {","                        keep = true;","                        attrName = attrName.slice(0, 0 - '|keep'.length);","                        possibleNameAttributes[i] = attrName;","                    }","                    varName = this.getAttribute(attrName);","                    if (varName) {","                        if (!keep) {","                            this.removeProperty(attrName);","                        }","                        break;","                    }","                }","                if (!varName) {","                    this.addError('Attribute ' + possibleNameAttributes.join(' or ') + ' is required');","                    varName = '_var';    // Let it continue with errors","                }","            } else {","                varName = nestedVar.name;","                if (!varName) {","                    this.addError('Variable name is required');","                    varName = '_var';    // Let it continue with errors","                }","            }","            variableNames.push(varName);","        }, this);","","        if (this.additionalVars.length) {","            variableNames = variableNames.concat(this.additionalVars);","        }","","        template.functionCall(tagHelperVar, function () {","            template.code('context,\\n').indent(function () {","                template.line(handlerVar + ',').indent();","                if (_this.inputExpression) {","                    template.code(_this.inputExpression);","                } else {","                    if (_this.dynamicAttributes) {","                        template.indent(function() {","                            _this.setProperty(_this.dynamicAttributesProperty, template.makeExpression(getPropsStr(_this.dynamicAttributes, template)));","                        });","                    }","","                    template.code(getPropsStr(_this.getProperties(), template));","                }","                if (_this.hasChildren()) {","                    var bodyParams = [];","                    variableNames.forEach(function (varName) {","                        bodyParams.push(varName);","                    });","                    template.code(',\\n').line('function(' + bodyParams.join(',') + ') {').indent(function () {","                        _this.generateCodeForChildren(template);","                    }).indent().code('}');","                }","            });","        });","    }","};","","module.exports = TagHandlerNode;"],"l":{"17":1,"18":1,"19":1,"21":1,"22":0,"23":0,"24":0,"25":0,"26":0,"28":0,"30":1,"31":0,"32":0,"33":0,"34":0,"35":0,"36":0,"39":0,"40":0,"41":0,"42":0,"44":0,"45":0,"46":0,"48":0,"54":0,"55":0,"57":0,"60":0,"63":1,"64":0,"65":0,"67":0,"68":0,"69":0,"70":0,"72":1,"74":1,"75":0,"76":0,"79":0,"80":0,"83":1,"88":0,"91":0,"92":0,"94":0,"97":0,"100":0,"103":0,"104":0,"105":0,"107":0,"108":0,"111":0,"112":0,"113":0,"114":0,"115":0,"116":0,"117":0,"118":0,"119":0,"120":0,"121":0,"122":0,"123":0,"125":0,"126":0,"127":0,"128":0,"130":0,"133":0,"134":0,"135":0,"138":0,"139":0,"140":0,"141":0,"144":0,"147":0,"148":0,"151":0,"152":0,"153":0,"154":0,"155":0,"157":0,"158":0,"159":0,"163":0,"165":0,"166":0,"167":0,"168":0,"170":0,"171":0,"179":1}},"/home/travis/build/npmtest/node-npmtest-raptor-templates/node_modules/raptor-templates/compiler/expressions.js":{"path":"/home/travis/build/npmtest/node-npmtest-raptor-templates/node_modules/raptor-templates/compiler/expressions.js","s":{"1":2,"2":1,"3":0,"4":0},"b":{},"f":{"1":0},"fnMap":{"1":{"name":"registerCustomExpressionHandler","line":3,"loc":{"start":{"line":3,"column":0},"end":{"line":3,"column":53}}}},"statementMap":{"1":{"start":{"line":1,"column":0},"end":{"line":1,"column":53}},"2":{"start":{"line":3,"column":0},"end":{"line":5,"column":1}},"3":{"start":{"line":4,"column":4},"end":{"line":4,"column":41}},"4":{"start":{"line":7,"column":0},"end":{"line":7,"column":74}}},"branchMap":{},"code":["var ExpressionParser = require('./ExpressionParser');","","function registerCustomExpressionHandler(name, func) {","    ExpressionParser.custom[name] = func;","}","","exports.registerCustomExpressionHandler = registerCustomExpressionHandler;"],"l":{"1":2,"3":1,"4":0,"7":0}},"/home/travis/build/npmtest/node-npmtest-raptor-templates/node_modules/raptor-templates/runtime/loader_browser.js":{"path":"/home/travis/build/npmtest/node-npmtest-raptor-templates/node_modules/raptor-templates/runtime/loader_browser.js","s":{"1":1,"2":0},"b":{},"f":{"1":0},"fnMap":{"1":{"name":"load","line":1,"loc":{"start":{"line":1,"column":17},"end":{"line":1,"column":45}}}},"statementMap":{"1":{"start":{"line":1,"column":0},"end":{"line":6,"column":2}},"2":{"start":{"line":5,"column":4},"end":{"line":5,"column":33}}},"branchMap":{},"code":["module.exports = function load(templatePath) {","    // We make the assumption that the template path is a ","    // fully resolved module path and that the module exists","    // as a CommonJS module","    return require(templatePath);","};"],"l":{"1":1,"5":0}}}